2025-02-22T17:35:53.892530+00:00 10.10.10.50  {"EventTime":"2025-02-22 09:35:52","Hostname":"DESKTOP-RKJA15K","Keywords":576460752303423488,"EventType":"INFO","SeverityValue":2,"Severity":"INFO","EventID":505,"SourceName":"Microsoft-Windows-Application-Experience","ProviderGuid":"{EEF54E71-0661-422D-9A98-82FD4940B820}","Version":0,"Task":0,"OpcodeValue":0,"RecordNumber":619,"ProcessID":6716,"ThreadID":9936,"Channel":"Microsoft-Windows-Application-Experience/Program-Telemetry","Domain":"NT AUTHORITY","AccountName":"SYSTEM","UserID":"S-1-5-18","AccountType":"User","Message":"Compatibility fix applied to C:\\WINDOWS\\System32\\DriverStore\\FileRepository\\iigd_dch.inf_amd64_a1e7755eb10c8b98\\igd10iumd64.dll.\r\nFix information: Intel Graphics User Mode Driver, {178d4480-345a-4a8d-b9e1-71eaf3b9fb3e}, 0x82010101.","Opcode":"Info","EventReceivedTime":"2025-02-22 09:35:53","SourceModuleName":"in","SourceModuleType":"im_msvistalog"}#015
2025-02-22T17:35:53.894297+00:00 10.10.10.50  {"EventTime":"2025-02-22 09:35:52","Hostname":"DESKTOP-RKJA15K","Keywords":2305843009213693954,"EventType":"INFO","SeverityValue":2,"Severity":"INFO","EventID":40,"SourceName":"Microsoft-Windows-AppModel-Runtime","ProviderGuid":"{F1EF270A-0D32-4352-BA52-DBAB41E1D859}","Version":0,"Task":0,"OpcodeValue":0,"RecordNumber":412,"ProcessID":3488,"ThreadID":8008,"Channel":"Microsoft-Windows-AppModel-Runtime/Admin","Domain":"NT AUTHORITY","AccountName":"SYSTEM","UserID":"S-1-5-18","AccountType":"User","Message":"AppContainer onecore\\ds\\security\\gina\\profile\\profext\\appcontainer.cpp Line:1863 Usermode Font Driver Host microsoft.windows.fontdrvhost was not created because it already exists.","Opcode":"Info","AppContainerName":"onecore\\ds\\security\\gina\\profile\\profext\\appcontainer.cpp Line:1863 Usermode Font Driver Host microsoft.windows.fontdrvhost","EventReceivedTime":"2025-02-22 09:35:53","SourceModuleName":"in","SourceModuleType":"im_msvistalog"}#015
2025-02-22T17:35:53.894983+00:00 10.10.10.50  {"EventTime":"2025-02-22 09:35:52","Hostname":"DESKTOP-RKJA15K","Keywords":576460752303423488,"EventType":"INFO","SeverityValue":2,"Severity":"INFO","EventID":505,"SourceName":"Microsoft-Windows-Application-Experience","ProviderGuid":"{EEF54E71-0661-422D-9A98-82FD4940B820}","Version":0,"Task":0,"OpcodeValue":0,"RecordNumber":620,"ProcessID":3164,"ThreadID":1972,"Channel":"Microsoft-Windows-Application-Experience/Program-Telemetry","Domain":"Window Manager","AccountName":"DWM-2","UserID":"S-1-5-90-0-2","AccountType":"Well Known Group","Message":"Compatibility fix applied to C:\\WINDOWS\\System32\\DriverStore\\FileRepository\\iigd_dch.inf_amd64_a1e7755eb10c8b98\\igd10iumd64.dll.\r\nFix information: Intel Graphics User Mode Driver, {178d4480-345a-4a8d-b9e1-71eaf3b9fb3e}, 0x82010101.","Opcode":"Info","EventReceivedTime":"2025-02-22 09:35:53","SourceModuleName":"in","SourceModuleType":"im_msvistalog"}#015
2025-02-22T17:35:53.894983+00:00 10.10.10.50  {"EventTime":"2025-02-22 09:35:53","Hostname":"DESKTOP-RKJA15K","Keywords":576460752303423488,"EventType":"INFO","SeverityValue":2,"Severity":"INFO","EventID":505,"SourceName":"Microsoft-Windows-Application-Experience","ProviderGuid":"{EEF54E71-0661-422D-9A98-82FD4940B820}","Version":0,"Task":0,"OpcodeValue":0,"RecordNumber":621,"ProcessID":8600,"ThreadID":2464,"Channel":"Microsoft-Windows-Application-Experience/Program-Telemetry","Domain":"NT AUTHORITY","AccountName":"SYSTEM","UserID":"S-1-5-18","AccountType":"User","Message":"Compatibility fix applied to C:\\WINDOWS\\System32\\DriverStore\\FileRepository\\iigd_dch.inf_amd64_a1e7755eb10c8b98\\igd10iumd64.dll.\r\nFix information: Intel Graphics User Mode Driver, {178d4480-345a-4a8d-b9e1-71eaf3b9fb3e}, 0x82010101.","Opcode":"Info","EventReceivedTime":"2025-02-22 09:35:53","SourceModuleName":"in","SourceModuleType":"im_msvistalog"}#015
2025-02-22T17:35:53.895914+00:00 10.10.10.50  {"EventTime":"2025-02-22 09:35:53","Hostname":"DESKTOP-RKJA15K","Keywords":576460752303423488,"EventType":"INFO","SeverityValue":2,"Severity":"INFO","EventID":505,"SourceName":"Microsoft-Windows-Application-Experience","ProviderGuid":"{EEF54E71-0661-422D-9A98-82FD4940B820}","Version":0,"Task":0,"OpcodeValue":0,"RecordNumber":622,"ProcessID":6496,"ThreadID":8760,"Channel":"Microsoft-Windows-Application-Experience/Program-Telemetry","Domain":"NT AUTHORITY","AccountName":"SYSTEM","UserID":"S-1-5-18","AccountType":"User","Message":"Compatibility fix applied to C:\\WINDOWS\\System32\\DriverStore\\FileRepository\\iigd_dch.inf_amd64_a1e7755eb10c8b98\\igd10iumd64.dll.\r\nFix information: Intel Graphics User Mode Driver, {178d4480-345a-4a8d-b9e1-71eaf3b9fb3e}, 0x82010101.","Opcode":"Info","EventReceivedTime":"2025-02-22 09:35:53","SourceModuleName":"in","SourceModuleType":"im_msvistalog"}#015
2025-02-22T17:35:54.928487+00:00 10.10.10.50  {"EventTime":"2025-02-22 09:35:52","Hostname":"DESKTOP-RKJA15K","Keywords":-9223372036854775776,"EventType":"INFO","SeverityValue":2,"Severity":"INFO","EventID":1006,"SourceName":"Microsoft-Windows-Wcmsvc","ProviderGuid":"{67D07935-283A-4791-8F8D-FA9117F3E6F2}","Version":0,"Task":0,"OpcodeValue":0,"RecordNumber":237,"ProcessID":3624,"ThreadID":3776,"Channel":"Microsoft-Windows-Wcmsvc/Operational","Domain":"NT AUTHORITY","AccountName":"LOCAL SERVICE","UserID":"S-1-5-19","AccountType":"Well Known Group","Message":"A Terminal Services session change was processed. \r\n\r\n Reason: A session was connected to the console terminal","Opcode":"Info","Reason":"1","EventReceivedTime":"2025-02-22 09:35:54","SourceModuleName":"in","SourceModuleType":"im_msvistalog"}#015
2025-02-22T17:35:54.930531+00:00 10.10.10.50  {"EventTime":"2025-02-22 09:35:52","Hostname":"DESKTOP-RKJA15K","Keywords":4611686018427453440,"EventType":"INFO","SeverityValue":2,"Severity":"INFO","EventID":811,"SourceName":"Microsoft-Windows-Winlogon","ProviderGuid":"{DBE9B383-7CF3-4331-91CC-A3CB16A3B538}","Version":0,"Task":811,"OpcodeValue":1,"RecordNumber":735,"ProcessID":1520,"ThreadID":2100,"Channel":"Microsoft-Windows-Winlogon/Operational","Domain":"DESKTOP-RKJA15K","AccountName":"Robot","UserID":"S-1-5-21-562782117-3786257529-2867160909-1001","AccountType":"User","Message":"The winlogon notification subscriber <Sens> began handling the notification event (4).","Opcode":"Start","Event":"4","SubscriberName":"Sens","EventReceivedTime":"2025-02-22 09:35:54","SourceModuleName":"in","SourceModuleType":"im_msvistalog"}#015
2025-02-22T17:35:54.930531+00:00 10.10.10.50  {"EventTime":"2025-02-22 09:35:52","Hostname":"DESKTOP-RKJA15K","Keywords":4611686018427453440,"EventType":"INFO","SeverityValue":2,"Severity":"INFO","EventID":812,"SourceName":"Microsoft-Windows-Winlogon","ProviderGuid":"{DBE9B383-7CF3-4331-91CC-A3CB16A3B538}","Version":0,"Task":811,"OpcodeValue":2,"RecordNumber":736,"ProcessID":1520,"ThreadID":2100,"Channel":"Microsoft-Windows-Winlogon/Operational","Domain":"DESKTOP-RKJA15K","AccountName":"Robot","UserID":"S-1-5-21-562782117-3786257529-2867160909-1001","AccountType":"User","Message":"The winlogon notification subscriber <Sens> finished handling the notification event (4).","Opcode":"Start","Event":"4","SubscriberName":"Sens","EventReceivedTime":"2025-02-22 09:35:54","SourceModuleName":"in","SourceModuleType":"im_msvistalog"}#015
2025-02-22T17:35:54.932407+00:00 10.10.10.50  {"EventTime":"2025-02-22 09:35:52","Hostname":"DESKTOP-RKJA15K","Keywords":4611686018427453440,"EventType":"INFO","SeverityValue":2,"Severity":"INFO","EventID":811,"SourceName":"Microsoft-Windows-Winlogon","ProviderGuid":"{DBE9B383-7CF3-4331-91CC-A3CB16A3B538}","Version":0,"Task":811,"OpcodeValue":1,"RecordNumber":737,"ProcessID":1520,"ThreadID":2100,"Channel":"Microsoft-Windows-Winlogon/Operational","Domain":"DESKTOP-RKJA15K","AccountName":"Robot","UserID":"S-1-5-21-562782117-3786257529-2867160909-1001","AccountType":"User","Message":"The winlogon notification subscriber <TermSrv> began handling the notification event (4).","Opcode":"Start","Event":"4","SubscriberName":"TermSrv","EventReceivedTime":"2025-02-22 09:35:54","SourceModuleName":"in","SourceModuleType":"im_msvistalog"}#015
2025-02-22T17:35:54.933138+00:00 10.10.10.50  {"EventTime":"2025-02-22 09:35:52","Hostname":"DESKTOP-RKJA15K","Keywords":4611686018427453440,"EventType":"INFO","SeverityValue":2,"Severity":"INFO","EventID":812,"SourceName":"Microsoft-Windows-Winlogon","ProviderGuid":"{DBE9B383-7CF3-4331-91CC-A3CB16A3B538}","Version":0,"Task":811,"OpcodeValue":2,"RecordNumber":738,"ProcessID":1520,"ThreadID":2100,"Channel":"Microsoft-Windows-Winlogon/Operational","Domain":"DESKTOP-RKJA15K","AccountName":"Robot","UserID":"S-1-5-21-562782117-3786257529-2867160909-1001","AccountType":"User","Message":"The winlogon notification subscriber <TermSrv> finished handling the notification event (4).","Opcode":"Start","Event":"4","SubscriberName":"TermSrv","EventReceivedTime":"2025-02-22 09:35:54","SourceModuleName":"in","SourceModuleType":"im_msvistalog"}#015
2025-02-22T17:35:54.933138+00:00 10.10.10.50  {"EventTime":"2025-02-22 09:35:52","Hostname":"DESKTOP-RKJA15K","Keywords":4611686018427453440,"EventType":"INFO","SeverityValue":2,"Severity":"INFO","EventID":811,"SourceName":"Microsoft-Windows-Winlogon","ProviderGuid":"{DBE9B383-7CF3-4331-91CC-A3CB16A3B538}","Version":0,"Task":811,"OpcodeValue":1,"RecordNumber":739,"ProcessID":1520,"ThreadID":2100,"Channel":"Microsoft-Windows-Winlogon/Operational","Domain":"DESKTOP-RKJA15K","AccountName":"Robot","UserID":"S-1-5-21-562782117-3786257529-2867160909-1001","AccountType":"User","Message":"The winlogon notification subscriber <Sens> began handling the notification event (8).","Opcode":"Start","Event":"8","SubscriberName":"Sens","EventReceivedTime":"2025-02-22 09:35:54","SourceModuleName":"in","SourceModuleType":"im_msvistalog"}#015
2025-02-22T17:35:54.934622+00:00 10.10.10.50  {"EventTime":"2025-02-22 09:35:52","Hostname":"DESKTOP-RKJA15K","Keywords":4611686018427453440,"EventType":"INFO","SeverityValue":2,"Severity":"INFO","EventID":812,"SourceName":"Microsoft-Windows-Winlogon","ProviderGuid":"{DBE9B383-7CF3-4331-91CC-A3CB16A3B538}","Version":0,"Task":811,"OpcodeValue":2,"RecordNumber":740,"ProcessID":1520,"ThreadID":2100,"Channel":"Microsoft-Windows-Winlogon/Operational","Domain":"DESKTOP-RKJA15K","AccountName":"Robot","UserID":"S-1-5-21-562782117-3786257529-2867160909-1001","AccountType":"User","Message":"The winlogon notification subscriber <Sens> finished handling the notification event (8).","Opcode":"Start","Event":"8","SubscriberName":"Sens","EventReceivedTime":"2025-02-22 09:35:54","SourceModuleName":"in","SourceModuleType":"im_msvistalog"}#015
2025-02-22T17:35:54.935992+00:00 10.10.10.50  {"EventTime":"2025-02-22 09:35:52","Hostname":"DESKTOP-RKJA15K","Keywords":36028797018963968,"EventType":"INFO","SeverityValue":2,"Severity":"INFO","EventID":6000,"SourceName":"Microsoft-Windows-Winlogon","ProviderGuid":"{DBE9B383-7CF3-4331-91CC-A3CB16A3B538}","Version":0,"Task":0,"OpcodeValue":0,"RecordNumber":1630,"ProcessID":1520,"ThreadID":0,"Channel":"Application","Message":"The winlogon notification subscriber <SessionEnv> was unavailable to handle a notification event.","EventReceivedTime":"2025-02-22 09:35:54","SourceModuleName":"in","SourceModuleType":"im_msvistalog"}#015
2025-02-22T17:35:54.935992+00:00 10.10.10.50  {"EventTime":"2025-02-22 09:35:52","Hostname":"DESKTOP-RKJA15K","Keywords":36028797018963968,"EventType":"INFO","SeverityValue":2,"Severity":"INFO","EventID":0,"SourceName":"OneApp_IGCC_WinService","Version":0,"Task":0,"OpcodeValue":0,"RecordNumber":128,"ProcessID":4288,"ThreadID":0,"Channel":"OneApp_IGCC","Message":"In OnSessionChange: Reason: SessionLock","Category":"None","Opcode":"Info","EventReceivedTime":"2025-02-22 09:35:54","SourceModuleName":"in","SourceModuleType":"im_msvistalog"}#015
2025-02-22T17:35:54.956903+00:00 10.10.10.50  {"EventTime":"2025-02-22 09:35:52","Hostname":"DESKTOP-RKJA15K","Keywords":36028797018963968,"EventType":"INFO","SeverityValue":2,"Severity":"INFO","EventID":0,"SourceName":"igfxCUIService2.0.0.0","Version":0,"Task":0,"OpcodeValue":0,"RecordNumber":1631,"ProcessID":2152,"ThreadID":0,"Channel":"Application","Message":"The operation completed successfully. ","EventReceivedTime":"2025-02-22 09:35:54","SourceModuleName":"in","SourceModuleType":"im_msvistalog"}#015
2025-02-22T17:35:54.958962+00:00 10.10.10.50  {"EventTime":"2025-02-22 09:35:53","Hostname":"DESKTOP-RKJA15K","Keywords":36028797018963968,"EventType":"INFO","SeverityValue":2,"Severity":"INFO","EventID":267,"SourceName":"Win32k","Version":0,"Task":0,"OpcodeValue":0,"RecordNumber":3909,"ProcessID":4,"ThreadID":10008,"Channel":"System","Message":"Touch/Touchpad Hardware Quality Assurance verification succeeded.","Category":"None","EventReceivedTime":"2025-02-22 09:35:54","SourceModuleName":"in","SourceModuleType":"im_msvistalog"}#015
2025-02-22T17:35:54.959060+00:00 10.10.10.50  {"EventTime":"2025-02-22 09:35:53","Hostname":"DESKTOP-RKJA15K","Keywords":-9214364837600034816,"EventType":"AUDIT_SUCCESS","SeverityValue":2,"Severity":"INFO","EventID":4798,"SourceName":"Microsoft-Windows-Security-Auditing","ProviderGuid":"{54849625-5478-4994-A5BA-3E3B0328C30D}","Version":0,"Task":13824,"OpcodeValue":0,"RecordNumber":35991,"ActivityID":"{CA42BD29-84AF-0002-F9BD-42CAAF84DB01}","ProcessID":600,"ThreadID":9200,"Channel":"Security","Message":"A user's local group membership was enumerated.\r\n\r\nSubject:\r\n\tSecurity ID:\t\tS-1-5-18\r\n\tAccount Name:\t\tDESKTOP-RKJA15K$\r\n\tAccount Domain:\t\tWORKGROUP\r\n\tLogon ID:\t\t0x3E7\r\n\r\nUser:\r\n\tSecurity ID:\t\tS-1-5-21-562782117-3786257529-2867160909-1002\r\n\tAccount Name:\t\tdoris\r\n\tAccount Domain:\t\tDESKTOP-RKJA15K\r\n\r\nProcess Information:\r\n\tProcess ID:\t\t0x2198\r\n\tProcess Name:\t\tC:\\Windows\\System32\\LogonUI.exe","Category":"Logon","Opcode":"Info","TargetUserName":"doris","TargetDomainName":"DESKTOP-RKJA15K","TargetSid":"S-1-5-21-562782117-3786257529-2867160909-1002","SubjectUserSid":"S-1-5-18","SubjectUserName":"DESKTOP-RKJA15K$","SubjectDomainName":"WORKGROUP","SubjectLogonId":"0x3e7","CallerProcessId":"0x2198","CallerProcessName":"C:\\Windows\\System32\\LogonUI.exe","EventReceivedTime":"2025-02-22 09:35:54","SourceModuleName":"in","SourceModuleType":"im_msvistalog"}#015
2025-02-22T17:35:54.959181+00:00 10.10.10.50  {"EventTime":"2025-02-22 09:35:53","Hostname":"DESKTOP-RKJA15K","Keywords":-9214364837600034816,"EventType":"AUDIT_SUCCESS","SeverityValue":2,"Severity":"INFO","EventID":4798,"SourceName":"Microsoft-Windows-Security-Auditing","ProviderGuid":"{54849625-5478-4994-A5BA-3E3B0328C30D}","Version":0,"Task":13824,"OpcodeValue":0,"RecordNumber":35992,"ActivityID":"{CA42BD29-84AF-0002-F9BD-42CAAF84DB01}","ProcessID":600,"ThreadID":9200,"Channel":"Security","Message":"A user's local group membership was enumerated.\r\n\r\nSubject:\r\n\tSecurity ID:\t\tS-1-5-18\r\n\tAccount Name:\t\tDESKTOP-RKJA15K$\r\n\tAccount Domain:\t\tWORKGROUP\r\n\tLogon ID:\t\t0x3E7\r\n\r\nUser:\r\n\tSecurity ID:\t\tS-1-5-21-562782117-3786257529-2867160909-1001\r\n\tAccount Name:\t\tRobot\r\n\tAccount Domain:\t\tDESKTOP-RKJA15K\r\n\r\nProcess Information:\r\n\tProcess ID:\t\t0x2198\r\n\tProcess Name:\t\tC:\\Windows\\System32\\LogonUI.exe","Category":"Logon","Opcode":"Info","TargetUserName":"Robot","TargetDomainName":"DESKTOP-RKJA15K","TargetSid":"S-1-5-21-562782117-3786257529-2867160909-1001","SubjectUserSid":"S-1-5-18","SubjectUserName":"DESKTOP-RKJA15K$","SubjectDomainName":"WORKGROUP","SubjectLogonId":"0x3e7","CallerProcessId":"0x2198","CallerProcessName":"C:\\Windows\\System32\\LogonUI.exe","EventReceivedTime":"2025-02-22 09:35:54","SourceModuleName":"in","SourceModuleType":"im_msvistalog"}#015
2025-02-22T17:35:54.959181+00:00 10.10.10.50  {"EventTime":"2025-02-22 09:35:53","Hostname":"DESKTOP-RKJA15K","Keywords":36028797018963968,"EventType":"INFO","SeverityValue":2,"Severity":"INFO","EventID":267,"SourceName":"Win32k","Version":0,"Task":0,"OpcodeValue":0,"RecordNumber":3910,"ProcessID":4,"ThreadID":10008,"Channel":"System","Message":"Touch/Touchpad Hardware Quality Assurance verification succeeded.","Category":"None","EventReceivedTime":"2025-02-22 09:35:54","SourceModuleName":"in","SourceModuleType":"im_msvistalog"}#015
2025-02-22T17:35:55.968661+00:00 10.10.10.50  {"EventTime":"2025-02-22 09:35:54","Hostname":"DESKTOP-RKJA15K","Keywords":4611721202799542272,"EventType":"INFO","SeverityValue":2,"Severity":"INFO","EventID":1,"SourceName":"Microsoft-Windows-Winlogon","ProviderGuid":"{DBE9B383-7CF3-4331-91CC-A3CB16A3B538}","Version":0,"Task":1,"OpcodeValue":1,"RecordNumber":741,"ProcessID":3488,"ThreadID":8528,"Channel":"Microsoft-Windows-Winlogon/Operational","Domain":"NT AUTHORITY","AccountName":"SYSTEM","UserID":"S-1-5-18","AccountType":"User","Message":"Authentication started.","Opcode":"Start","EventReceivedTime":"2025-02-22 09:35:55","SourceModuleName":"in","SourceModuleType":"im_msvistalog"}#015
2025-02-22T17:35:55.969029+00:00 10.10.10.50  {"EventTime":"2025-02-22 09:35:54","Hostname":"DESKTOP-RKJA15K","Keywords":-9218868437227405312,"EventType":"AUDIT_FAILURE","SeverityValue":4,"Severity":"ERROR","EventID":4625,"SourceName":"Microsoft-Windows-Security-Auditing","ProviderGuid":"{54849625-5478-4994-A5BA-3E3B0328C30D}","Version":0,"Task":12544,"OpcodeValue":0,"RecordNumber":35993,"ActivityID":"{CA42BD29-84AF-0002-F9BD-42CAAF84DB01}","ProcessID":600,"ThreadID":9376,"Channel":"Security","Message":"An account failed to log on.\r\n\r\nSubject:\r\n\tSecurity ID:\t\tS-1-5-18\r\n\tAccount Name:\t\tDESKTOP-RKJA15K$\r\n\tAccount Domain:\t\tWORKGROUP\r\n\tLogon ID:\t\t0x3E7\r\n\r\nLogon Type:\t\t\t2\r\n\r\nAccount For Which Logon Failed:\r\n\tSecurity ID:\t\tS-1-0-0\r\n\tAccount Name:\t\tdoris\r\n\tAccount Domain:\t\tDESKTOP-RKJA15K\r\n\r\nFailure Information:\r\n\tFailure Reason:\t\tUnknown user name or bad password.\r\n\tStatus:\t\t\t0xC000006D\r\n\tSub Status:\t\t0xC000006A\r\n\r\nProcess Information:\r\n\tCaller Process ID:\t0xa34\r\n\tCaller Process Name:\tC:\\Windows\\System32\\svchost.exe\r\n\r\nNetwork Information:\r\n\tWorkstation Name:\tDESKTOP-RKJA15K\r\n\tSource Network Address:\t127.0.0.1\r\n\tSource Port:\t\t0\r\n\r\nDetailed Authentication Information:\r\n\tLogon Process:\t\tUser32 \r\n\tAuthentication Package:\tNegotiate\r\n\tTransited Services:\t-\r\n\tPackage Name (NTLM only):\t-\r\n\tKey Length:\t\t0\r\n\r\nThis event is generated when a logon request fails. It is generated on the computer where access was attempted.\r\n\r\nThe Subject fields indicate the account on the local system which requested the logon. This is most commonly a service such as the Server service, or a local process such as Winlogon.exe or Services.exe.\r\n\r\nThe Logon Type field indicates the kind of logon that was requested. The most common types are 2 (interactive) and 3 (network).\r\n\r\nThe Process Information fields indicate which account and process on the system requested the logon.\r\n\r\nThe Network Information fields indicate where a remote logon request originated. Workstation name is not always available and may be left blank in some cases.\r\n\r\nThe authentication information fields provide detailed information about this specific logon request.\r\n\t- Transited services indicate which intermediate services have participated in this logon request.\r\n\t- Package name indicates which sub-protocol was used among the NTLM protocols.\r\n\t- Key length indicates the length of the generated session key. This will be 0 if no session key was requested.","Category":"Logon","Opcode":"Info","SubjectUserSid":"S-1-5-18","SubjectUserName":"DESKTOP-RKJA15K$","SubjectDomainName":"WORKGROUP","SubjectLogonId":"0x3e7","TargetUserSid":"S-1-0-0","TargetUserName":"doris","TargetDomainName":"DESKTOP-RKJA15K","Status":"0xc000006d","FailureReason":"%%2313","SubStatus":"0xc000006a","LogonType":"2","LogonProcessName":"User32 ","AuthenticationPackageName":"Negotiate","WorkstationName":"DESKTOP-RKJA15K","TransmittedServices":"-","LmPackageName":"-","KeyLength":"0","ProcessName":"C:\\Windows\\System32\\svchost.exe","IpAddress":"127.0.0.1","IpPort":"0","EventReceivedTime":"2025-02-22 09:35:55","SourceModuleName":"in","SourceModuleType":"im_msvistalog"}#015
2025-02-22T17:35:55.970275+00:00 10.10.10.50  {"EventTime":"2025-02-22 09:35:54","Hostname":"DESKTOP-RKJA15K","Keywords":4611721202799542272,"EventType":"INFO","SeverityValue":2,"Severity":"INFO","EventID":2,"SourceName":"Microsoft-Windows-Winlogon","ProviderGuid":"{DBE9B383-7CF3-4331-91CC-A3CB16A3B538}","Version":0,"Task":1,"OpcodeValue":2,"RecordNumber":742,"ProcessID":3488,"ThreadID":8528,"Channel":"Microsoft-Windows-Winlogon/Operational","Domain":"NT AUTHORITY","AccountName":"SYSTEM","UserID":"S-1-5-18","AccountType":"User","Message":"Authentication stopped. Result 1326","Opcode":"Start","Win32Status":"1326","EventReceivedTime":"2025-02-22 09:35:55","SourceModuleName":"in","SourceModuleType":"im_msvistalog"}#015
2025-02-22T17:35:55.970275+00:00 10.10.10.50  {"EventTime":"2025-02-22 09:35:54","Hostname":"DESKTOP-RKJA15K","Keywords":4611721202799542272,"EventType":"INFO","SeverityValue":2,"Severity":"INFO","EventID":1,"SourceName":"Microsoft-Windows-Winlogon","ProviderGuid":"{DBE9B383-7CF3-4331-91CC-A3CB16A3B538}","Version":0,"Task":1,"OpcodeValue":1,"RecordNumber":743,"ProcessID":3488,"ThreadID":8528,"Channel":"Microsoft-Windows-Winlogon/Operational","Domain":"NT AUTHORITY","AccountName":"SYSTEM","UserID":"S-1-5-18","AccountType":"User","Message":"Authentication started.","Opcode":"Start","EventReceivedTime":"2025-02-22 09:35:55","SourceModuleName":"in","SourceModuleType":"im_msvistalog"}#015
2025-02-22T17:35:55.970404+00:00 10.10.10.50  {"EventTime":"2025-02-22 09:35:54","Hostname":"DESKTOP-RKJA15K","Keywords":-9218868437227405312,"EventType":"AUDIT_FAILURE","SeverityValue":4,"Severity":"ERROR","EventID":4625,"SourceName":"Microsoft-Windows-Security-Auditing","ProviderGuid":"{54849625-5478-4994-A5BA-3E3B0328C30D}","Version":0,"Task":12544,"OpcodeValue":0,"RecordNumber":35994,"ActivityID":"{CA42BD29-84AF-0002-F9BD-42CAAF84DB01}","ProcessID":600,"ThreadID":9376,"Channel":"Security","Message":"An account failed to log on.\r\n\r\nSubject:\r\n\tSecurity ID:\t\tS-1-5-18\r\n\tAccount Name:\t\tDESKTOP-RKJA15K$\r\n\tAccount Domain:\t\tWORKGROUP\r\n\tLogon ID:\t\t0x3E7\r\n\r\nLogon Type:\t\t\t2\r\n\r\nAccount For Which Logon Failed:\r\n\tSecurity ID:\t\tS-1-0-0\r\n\tAccount Name:\t\tdoris\r\n\tAccount Domain:\t\tDESKTOP-RKJA15K\r\n\r\nFailure Information:\r\n\tFailure Reason:\t\tUnknown user name or bad password.\r\n\tStatus:\t\t\t0xC000006D\r\n\tSub Status:\t\t0xC000006A\r\n\r\nProcess Information:\r\n\tCaller Process ID:\t0xa34\r\n\tCaller Process Name:\tC:\\Windows\\System32\\svchost.exe\r\n\r\nNetwork Information:\r\n\tWorkstation Name:\tDESKTOP-RKJA15K\r\n\tSource Network Address:\t127.0.0.1\r\n\tSource Port:\t\t0\r\n\r\nDetailed Authentication Information:\r\n\tLogon Process:\t\tUser32 \r\n\tAuthentication Package:\tNegotiate\r\n\tTransited Services:\t-\r\n\tPackage Name (NTLM only):\t-\r\n\tKey Length:\t\t0\r\n\r\nThis event is generated when a logon request fails. It is generated on the computer where access was attempted.\r\n\r\nThe Subject fields indicate the account on the local system which requested the logon. This is most commonly a service such as the Server service, or a local process such as Winlogon.exe or Services.exe.\r\n\r\nThe Logon Type field indicates the kind of logon that was requested. The most common types are 2 (interactive) and 3 (network).\r\n\r\nThe Process Information fields indicate which account and process on the system requested the logon.\r\n\r\nThe Network Information fields indicate where a remote logon request originated. Workstation name is not always available and may be left blank in some cases.\r\n\r\nThe authentication information fields provide detailed information about this specific logon request.\r\n\t- Transited services indicate which intermediate services have participated in this logon request.\r\n\t- Package name indicates which sub-protocol was used among the NTLM protocols.\r\n\t- Key length indicates the length of the generated session key. This will be 0 if no session key was requested.","Category":"Logon","Opcode":"Info","SubjectUserSid":"S-1-5-18","SubjectUserName":"DESKTOP-RKJA15K$","SubjectDomainName":"WORKGROUP","SubjectLogonId":"0x3e7","TargetUserSid":"S-1-0-0","TargetUserName":"doris","TargetDomainName":"DESKTOP-RKJA15K","Status":"0xc000006d","FailureReason":"%%2313","SubStatus":"0xc000006a","LogonType":"2","LogonProcessName":"User32 ","AuthenticationPackageName":"Negotiate","WorkstationName":"DESKTOP-RKJA15K","TransmittedServices":"-","LmPackageName":"-","KeyLength":"0","ProcessName":"C:\\Windows\\System32\\svchost.exe","IpAddress":"127.0.0.1","IpPort":"0","EventReceivedTime":"2025-02-22 09:35:55","SourceModuleName":"in","SourceModuleType":"im_msvistalog"}#015
2025-02-22T17:35:55.970909+00:00 10.10.10.50  {"EventTime":"2025-02-22 09:35:54","Hostname":"DESKTOP-RKJA15K","Keywords":4611721202799542272,"EventType":"INFO","SeverityValue":2,"Severity":"INFO","EventID":2,"SourceName":"Microsoft-Windows-Winlogon","ProviderGuid":"{DBE9B383-7CF3-4331-91CC-A3CB16A3B538}","Version":0,"Task":1,"OpcodeValue":2,"RecordNumber":744,"ProcessID":3488,"ThreadID":8528,"Channel":"Microsoft-Windows-Winlogon/Operational","Domain":"NT AUTHORITY","AccountName":"SYSTEM","UserID":"S-1-5-18","AccountType":"User","Message":"Authentication stopped. Result 1326","Opcode":"Start","Win32Status":"1326","EventReceivedTime":"2025-02-22 09:35:55","SourceModuleName":"in","SourceModuleType":"im_msvistalog"}#015
2025-02-22T17:35:55.971551+00:00 10.10.10.50  {"EventTime":"2025-02-22 09:35:54","Hostname":"DESKTOP-RKJA15K","Keywords":4611721202799542272,"EventType":"INFO","SeverityValue":2,"Severity":"INFO","EventID":1,"SourceName":"Microsoft-Windows-Winlogon","ProviderGuid":"{DBE9B383-7CF3-4331-91CC-A3CB16A3B538}","Version":0,"Task":1,"OpcodeValue":1,"RecordNumber":745,"ProcessID":3488,"ThreadID":8528,"Channel":"Microsoft-Windows-Winlogon/Operational","Domain":"NT AUTHORITY","AccountName":"SYSTEM","UserID":"S-1-5-18","AccountType":"User","Message":"Authentication started.","Opcode":"Start","EventReceivedTime":"2025-02-22 09:35:55","SourceModuleName":"in","SourceModuleType":"im_msvistalog"}#015
2025-02-22T17:35:55.971664+00:00 10.10.10.50  {"EventTime":"2025-02-22 09:35:54","Hostname":"DESKTOP-RKJA15K","Keywords":-9218868437227405312,"EventType":"AUDIT_FAILURE","SeverityValue":4,"Severity":"ERROR","EventID":4625,"SourceName":"Microsoft-Windows-Security-Auditing","ProviderGuid":"{54849625-5478-4994-A5BA-3E3B0328C30D}","Version":0,"Task":12544,"OpcodeValue":0,"RecordNumber":35995,"ActivityID":"{CA42BD29-84AF-0002-F9BD-42CAAF84DB01}","ProcessID":600,"ThreadID":9376,"Channel":"Security","Message":"An account failed to log on.\r\n\r\nSubject:\r\n\tSecurity ID:\t\tS-1-5-18\r\n\tAccount Name:\t\tDESKTOP-RKJA15K$\r\n\tAccount Domain:\t\tWORKGROUP\r\n\tLogon ID:\t\t0x3E7\r\n\r\nLogon Type:\t\t\t2\r\n\r\nAccount For Which Logon Failed:\r\n\tSecurity ID:\t\tS-1-0-0\r\n\tAccount Name:\t\tdoris\r\n\tAccount Domain:\t\tDESKTOP-RKJA15K\r\n\r\nFailure Information:\r\n\tFailure Reason:\t\tUnknown user name or bad password.\r\n\tStatus:\t\t\t0xC000006D\r\n\tSub Status:\t\t0xC000006A\r\n\r\nProcess Information:\r\n\tCaller Process ID:\t0xa34\r\n\tCaller Process Name:\tC:\\Windows\\System32\\svchost.exe\r\n\r\nNetwork Information:\r\n\tWorkstation Name:\tDESKTOP-RKJA15K\r\n\tSource Network Address:\t127.0.0.1\r\n\tSource Port:\t\t0\r\n\r\nDetailed Authentication Information:\r\n\tLogon Process:\t\tUser32 \r\n\tAuthentication Package:\tNegotiate\r\n\tTransited Services:\t-\r\n\tPackage Name (NTLM only):\t-\r\n\tKey Length:\t\t0\r\n\r\nThis event is generated when a logon request fails. It is generated on the computer where access was attempted.\r\n\r\nThe Subject fields indicate the account on the local system which requested the logon. This is most commonly a service such as the Server service, or a local process such as Winlogon.exe or Services.exe.\r\n\r\nThe Logon Type field indicates the kind of logon that was requested. The most common types are 2 (interactive) and 3 (network).\r\n\r\nThe Process Information fields indicate which account and process on the system requested the logon.\r\n\r\nThe Network Information fields indicate where a remote logon request originated. Workstation name is not always available and may be left blank in some cases.\r\n\r\nThe authentication information fields provide detailed information about this specific logon request.\r\n\t- Transited services indicate which intermediate services have participated in this logon request.\r\n\t- Package name indicates which sub-protocol was used among the NTLM protocols.\r\n\t- Key length indicates the length of the generated session key. This will be 0 if no session key was requested.","Category":"Logon","Opcode":"Info","SubjectUserSid":"S-1-5-18","SubjectUserName":"DESKTOP-RKJA15K$","SubjectDomainName":"WORKGROUP","SubjectLogonId":"0x3e7","TargetUserSid":"S-1-0-0","TargetUserName":"doris","TargetDomainName":"DESKTOP-RKJA15K","Status":"0xc000006d","FailureReason":"%%2313","SubStatus":"0xc000006a","LogonType":"2","LogonProcessName":"User32 ","AuthenticationPackageName":"Negotiate","WorkstationName":"DESKTOP-RKJA15K","TransmittedServices":"-","LmPackageName":"-","KeyLength":"0","ProcessName":"C:\\Windows\\System32\\svchost.exe","IpAddress":"127.0.0.1","IpPort":"0","EventReceivedTime":"2025-02-22 09:35:55","SourceModuleName":"in","SourceModuleType":"im_msvistalog"}#015
2025-02-22T17:35:55.972272+00:00 10.10.10.50  {"EventTime":"2025-02-22 09:35:54","Hostname":"DESKTOP-RKJA15K","Keywords":4611721202799542272,"EventType":"INFO","SeverityValue":2,"Severity":"INFO","EventID":2,"SourceName":"Microsoft-Windows-Winlogon","ProviderGuid":"{DBE9B383-7CF3-4331-91CC-A3CB16A3B538}","Version":0,"Task":1,"OpcodeValue":2,"RecordNumber":746,"ProcessID":3488,"ThreadID":8528,"Channel":"Microsoft-Windows-Winlogon/Operational","Domain":"NT AUTHORITY","AccountName":"SYSTEM","UserID":"S-1-5-18","AccountType":"User","Message":"Authentication stopped. Result 1326","Opcode":"Start","Win32Status":"1326","EventReceivedTime":"2025-02-22 09:35:55","SourceModuleName":"in","SourceModuleType":"im_msvistalog"}#015
2025-02-22T17:35:55.972272+00:00 10.10.10.50  {"EventTime":"2025-02-22 09:35:55","Hostname":"DESKTOP-RKJA15K","Keywords":4611721202799542272,"EventType":"INFO","SeverityValue":2,"Severity":"INFO","EventID":1,"SourceName":"Microsoft-Windows-Winlogon","ProviderGuid":"{DBE9B383-7CF3-4331-91CC-A3CB16A3B538}","Version":0,"Task":1,"OpcodeValue":1,"RecordNumber":747,"ProcessID":3488,"ThreadID":8528,"Channel":"Microsoft-Windows-Winlogon/Operational","Domain":"NT AUTHORITY","AccountName":"SYSTEM","UserID":"S-1-5-18","AccountType":"User","Message":"Authentication started.","Opcode":"Start","EventReceivedTime":"2025-02-22 09:35:55","SourceModuleName":"in","SourceModuleType":"im_msvistalog"}#015
2025-02-22T17:35:55.972410+00:00 10.10.10.50  {"EventTime":"2025-02-22 09:35:55","Hostname":"DESKTOP-RKJA15K","Keywords":-9218868437227405312,"EventType":"AUDIT_FAILURE","SeverityValue":4,"Severity":"ERROR","EventID":4625,"SourceName":"Microsoft-Windows-Security-Auditing","ProviderGuid":"{54849625-5478-4994-A5BA-3E3B0328C30D}","Version":0,"Task":12544,"OpcodeValue":0,"RecordNumber":35996,"ActivityID":"{CA42BD29-84AF-0002-F9BD-42CAAF84DB01}","ProcessID":600,"ThreadID":9376,"Channel":"Security","Message":"An account failed to log on.\r\n\r\nSubject:\r\n\tSecurity ID:\t\tS-1-5-18\r\n\tAccount Name:\t\tDESKTOP-RKJA15K$\r\n\tAccount Domain:\t\tWORKGROUP\r\n\tLogon ID:\t\t0x3E7\r\n\r\nLogon Type:\t\t\t2\r\n\r\nAccount For Which Logon Failed:\r\n\tSecurity ID:\t\tS-1-0-0\r\n\tAccount Name:\t\tdoris\r\n\tAccount Domain:\t\tDESKTOP-RKJA15K\r\n\r\nFailure Information:\r\n\tFailure Reason:\t\tUnknown user name or bad password.\r\n\tStatus:\t\t\t0xC000006D\r\n\tSub Status:\t\t0xC000006A\r\n\r\nProcess Information:\r\n\tCaller Process ID:\t0xa34\r\n\tCaller Process Name:\tC:\\Windows\\System32\\svchost.exe\r\n\r\nNetwork Information:\r\n\tWorkstation Name:\tDESKTOP-RKJA15K\r\n\tSource Network Address:\t127.0.0.1\r\n\tSource Port:\t\t0\r\n\r\nDetailed Authentication Information:\r\n\tLogon Process:\t\tUser32 \r\n\tAuthentication Package:\tNegotiate\r\n\tTransited Services:\t-\r\n\tPackage Name (NTLM only):\t-\r\n\tKey Length:\t\t0\r\n\r\nThis event is generated when a logon request fails. It is generated on the computer where access was attempted.\r\n\r\nThe Subject fields indicate the account on the local system which requested the logon. This is most commonly a service such as the Server service, or a local process such as Winlogon.exe or Services.exe.\r\n\r\nThe Logon Type field indicates the kind of logon that was requested. The most common types are 2 (interactive) and 3 (network).\r\n\r\nThe Process Information fields indicate which account and process on the system requested the logon.\r\n\r\nThe Network Information fields indicate where a remote logon request originated. Workstation name is not always available and may be left blank in some cases.\r\n\r\nThe authentication information fields provide detailed information about this specific logon request.\r\n\t- Transited services indicate which intermediate services have participated in this logon request.\r\n\t- Package name indicates which sub-protocol was used among the NTLM protocols.\r\n\t- Key length indicates the length of the generated session key. This will be 0 if no session key was requested.","Category":"Logon","Opcode":"Info","SubjectUserSid":"S-1-5-18","SubjectUserName":"DESKTOP-RKJA15K$","SubjectDomainName":"WORKGROUP","SubjectLogonId":"0x3e7","TargetUserSid":"S-1-0-0","TargetUserName":"doris","TargetDomainName":"DESKTOP-RKJA15K","Status":"0xc000006d","FailureReason":"%%2313","SubStatus":"0xc000006a","LogonType":"2","LogonProcessName":"User32 ","AuthenticationPackageName":"Negotiate","WorkstationName":"DESKTOP-RKJA15K","TransmittedServices":"-","LmPackageName":"-","KeyLength":"0","ProcessName":"C:\\Windows\\System32\\svchost.exe","IpAddress":"127.0.0.1","IpPort":"0","EventReceivedTime":"2025-02-22 09:35:55","SourceModuleName":"in","SourceModuleType":"im_msvistalog"}#015
2025-02-22T17:35:55.973357+00:00 10.10.10.50  {"EventTime":"2025-02-22 09:35:55","Hostname":"DESKTOP-RKJA15K","Keywords":4611721202799542272,"EventType":"INFO","SeverityValue":2,"Severity":"INFO","EventID":2,"SourceName":"Microsoft-Windows-Winlogon","ProviderGuid":"{DBE9B383-7CF3-4331-91CC-A3CB16A3B538}","Version":0,"Task":1,"OpcodeValue":2,"RecordNumber":748,"ProcessID":3488,"ThreadID":8528,"Channel":"Microsoft-Windows-Winlogon/Operational","Domain":"NT AUTHORITY","AccountName":"SYSTEM","UserID":"S-1-5-18","AccountType":"User","Message":"Authentication stopped. Result 1326","Opcode":"Start","Win32Status":"1326","EventReceivedTime":"2025-02-22 09:35:55","SourceModuleName":"in","SourceModuleType":"im_msvistalog"}#015
2025-02-22T17:35:56.977514+00:00 10.10.10.50  {"EventTime":"2025-02-22 09:35:55","Hostname":"DESKTOP-RKJA15K","Keywords":4611721202799542272,"EventType":"INFO","SeverityValue":2,"Severity":"INFO","EventID":1,"SourceName":"Microsoft-Windows-Winlogon","ProviderGuid":"{DBE9B383-7CF3-4331-91CC-A3CB16A3B538}","Version":0,"Task":1,"OpcodeValue":1,"RecordNumber":749,"ProcessID":3488,"ThreadID":8528,"Channel":"Microsoft-Windows-Winlogon/Operational","Domain":"NT AUTHORITY","AccountName":"SYSTEM","UserID":"S-1-5-18","AccountType":"User","Message":"Authentication started.","Opcode":"Start","EventReceivedTime":"2025-02-22 09:35:56","SourceModuleName":"in","SourceModuleType":"im_msvistalog"}#015
2025-02-22T17:35:56.978591+00:00 10.10.10.50  {"EventTime":"2025-02-22 09:35:55","Hostname":"DESKTOP-RKJA15K","Keywords":576495936809730048,"EventType":"ERROR","SeverityValue":4,"Severity":"ERROR","EventID":524,"SourceName":"Microsoft-Windows-StorPort","ProviderGuid":"{C4636A1E-7986-4646-BF10-7BC3B4A76E8E}","Version":3,"Task":201,"OpcodeValue":0,"RecordNumber":250,"ProcessID":8600,"ThreadID":2216,"Channel":"Microsoft-Windows-Storage-Storport/Operational","Message":"The miniport logged an event.","Category":"Port","Opcode":"Info","MiniportName":"stornvme","MiniportEventId":"12","MiniportEventDescription":"Admin Command Timeout","PortNumber":"0","AdapterGuid":"{ca59b920-ddb7-11ef-8a31-806e6f6e6963}","PathID":"255","TargetID":"255","LUN":"255","ClassDeviceGuid":"{00000000-0000-0000-0000-000000000000}","BootDevice":"true","Irp":"0x0","Srb":"0xffffe788396f03f8","Parameter1Name":"OPC","Parameter1Value":"9","Parameter2Name":"CmdInfo","Parameter2Value":"2","Parameter3Name":"TimeSoFarInMicroSeconds","Parameter3Value":"1950","Parameter4Name":"ThrottledInstanceCount","Parameter4Value":"15","Parameter5Name":"ControllerStatus","Parameter5Value":"1","Parameter6Name":"NULL","Parameter6Value":"0","Parameter7Name":"NULL","Parameter7Value":"0","Parameter8Name":"NULL","Parameter8Value":"0","EventReceivedTime":"2025-02-22 09:35:56","SourceModuleName":"in","SourceModuleType":"im_msvistalog"}#015
2025-02-22T17:35:56.979134+00:00 10.10.10.50  {"EventTime":"2025-02-22 09:35:55","Hostname":"DESKTOP-RKJA15K","Keywords":-9218868437227405312,"EventType":"AUDIT_FAILURE","SeverityValue":4,"Severity":"ERROR","EventID":4625,"SourceName":"Microsoft-Windows-Security-Auditing","ProviderGuid":"{54849625-5478-4994-A5BA-3E3B0328C30D}","Version":0,"Task":12544,"OpcodeValue":0,"RecordNumber":35997,"ActivityID":"{CA42BD29-84AF-0002-F9BD-42CAAF84DB01}","ProcessID":600,"ThreadID":1844,"Channel":"Security","Message":"An account failed to log on.\r\n\r\nSubject:\r\n\tSecurity ID:\t\tS-1-5-18\r\n\tAccount Name:\t\tDESKTOP-RKJA15K$\r\n\tAccount Domain:\t\tWORKGROUP\r\n\tLogon ID:\t\t0x3E7\r\n\r\nLogon Type:\t\t\t2\r\n\r\nAccount For Which Logon Failed:\r\n\tSecurity ID:\t\tS-1-0-0\r\n\tAccount Name:\t\tdoris\r\n\tAccount Domain:\t\tDESKTOP-RKJA15K\r\n\r\nFailure Information:\r\n\tFailure Reason:\t\tUnknown user name or bad password.\r\n\tStatus:\t\t\t0xC000006D\r\n\tSub Status:\t\t0xC000006A\r\n\r\nProcess Information:\r\n\tCaller Process ID:\t0xa34\r\n\tCaller Process Name:\tC:\\Windows\\System32\\svchost.exe\r\n\r\nNetwork Information:\r\n\tWorkstation Name:\tDESKTOP-RKJA15K\r\n\tSource Network Address:\t127.0.0.1\r\n\tSource Port:\t\t0\r\n\r\nDetailed Authentication Information:\r\n\tLogon Process:\t\tUser32 \r\n\tAuthentication Package:\tNegotiate\r\n\tTransited Services:\t-\r\n\tPackage Name (NTLM only):\t-\r\n\tKey Length:\t\t0\r\n\r\nThis event is generated when a logon request fails. It is generated on the computer where access was attempted.\r\n\r\nThe Subject fields indicate the account on the local system which requested the logon. This is most commonly a service such as the Server service, or a local process such as Winlogon.exe or Services.exe.\r\n\r\nThe Logon Type field indicates the kind of logon that was requested. The most common types are 2 (interactive) and 3 (network).\r\n\r\nThe Process Information fields indicate which account and process on the system requested the logon.\r\n\r\nThe Network Information fields indicate where a remote logon request originated. Workstation name is not always available and may be left blank in some cases.\r\n\r\nThe authentication information fields provide detailed information about this specific logon request.\r\n\t- Transited services indicate which intermediate services have participated in this logon request.\r\n\t- Package name indicates which sub-protocol was used among the NTLM protocols.\r\n\t- Key length indicates the length of the generated session key. This will be 0 if no session key was requested.","Category":"Logon","Opcode":"Info","SubjectUserSid":"S-1-5-18","SubjectUserName":"DESKTOP-RKJA15K$","SubjectDomainName":"WORKGROUP","SubjectLogonId":"0x3e7","TargetUserSid":"S-1-0-0","TargetUserName":"doris","TargetDomainName":"DESKTOP-RKJA15K","Status":"0xc000006d","FailureReason":"%%2313","SubStatus":"0xc000006a","LogonType":"2","LogonProcessName":"User32 ","AuthenticationPackageName":"Negotiate","WorkstationName":"DESKTOP-RKJA15K","TransmittedServices":"-","LmPackageName":"-","KeyLength":"0","ProcessName":"C:\\Windows\\System32\\svchost.exe","IpAddress":"127.0.0.1","IpPort":"0","EventReceivedTime":"2025-02-22 09:35:56","SourceModuleName":"in","SourceModuleType":"im_msvistalog"}#015
2025-02-22T17:35:56.980221+00:00 10.10.10.50  {"EventTime":"2025-02-22 09:35:55","Hostname":"DESKTOP-RKJA15K","Keywords":4611721202799542272,"EventType":"INFO","SeverityValue":2,"Severity":"INFO","EventID":2,"SourceName":"Microsoft-Windows-Winlogon","ProviderGuid":"{DBE9B383-7CF3-4331-91CC-A3CB16A3B538}","Version":0,"Task":1,"OpcodeValue":2,"RecordNumber":750,"ProcessID":3488,"ThreadID":8528,"Channel":"Microsoft-Windows-Winlogon/Operational","Domain":"NT AUTHORITY","AccountName":"SYSTEM","UserID":"S-1-5-18","AccountType":"User","Message":"Authentication stopped. Result 1326","Opcode":"Start","Win32Status":"1326","EventReceivedTime":"2025-02-22 09:35:56","SourceModuleName":"in","SourceModuleType":"im_msvistalog"}#015
2025-02-22T17:35:56.980221+00:00 10.10.10.50  {"EventTime":"2025-02-22 09:35:55","Hostname":"DESKTOP-RKJA15K","Keywords":4611721202799542272,"EventType":"INFO","SeverityValue":2,"Severity":"INFO","EventID":1,"SourceName":"Microsoft-Windows-Winlogon","ProviderGuid":"{DBE9B383-7CF3-4331-91CC-A3CB16A3B538}","Version":0,"Task":1,"OpcodeValue":1,"RecordNumber":751,"ProcessID":3488,"ThreadID":8528,"Channel":"Microsoft-Windows-Winlogon/Operational","Domain":"NT AUTHORITY","AccountName":"SYSTEM","UserID":"S-1-5-18","AccountType":"User","Message":"Authentication started.","Opcode":"Start","EventReceivedTime":"2025-02-22 09:35:56","SourceModuleName":"in","SourceModuleType":"im_msvistalog"}#015
2025-02-22T17:35:56.980331+00:00 10.10.10.50  {"EventTime":"2025-02-22 09:35:55","Hostname":"DESKTOP-RKJA15K","Keywords":-9218868437227405312,"EventType":"AUDIT_FAILURE","SeverityValue":4,"Severity":"ERROR","EventID":4625,"SourceName":"Microsoft-Windows-Security-Auditing","ProviderGuid":"{54849625-5478-4994-A5BA-3E3B0328C30D}","Version":0,"Task":12544,"OpcodeValue":0,"RecordNumber":35998,"ActivityID":"{CA42BD29-84AF-0002-F9BD-42CAAF84DB01}","ProcessID":600,"ThreadID":1844,"Channel":"Security","Message":"An account failed to log on.\r\n\r\nSubject:\r\n\tSecurity ID:\t\tS-1-5-18\r\n\tAccount Name:\t\tDESKTOP-RKJA15K$\r\n\tAccount Domain:\t\tWORKGROUP\r\n\tLogon ID:\t\t0x3E7\r\n\r\nLogon Type:\t\t\t2\r\n\r\nAccount For Which Logon Failed:\r\n\tSecurity ID:\t\tS-1-0-0\r\n\tAccount Name:\t\tdoris\r\n\tAccount Domain:\t\tDESKTOP-RKJA15K\r\n\r\nFailure Information:\r\n\tFailure Reason:\t\tUnknown user name or bad password.\r\n\tStatus:\t\t\t0xC000006D\r\n\tSub Status:\t\t0xC000006A\r\n\r\nProcess Information:\r\n\tCaller Process ID:\t0xa34\r\n\tCaller Process Name:\tC:\\Windows\\System32\\svchost.exe\r\n\r\nNetwork Information:\r\n\tWorkstation Name:\tDESKTOP-RKJA15K\r\n\tSource Network Address:\t127.0.0.1\r\n\tSource Port:\t\t0\r\n\r\nDetailed Authentication Information:\r\n\tLogon Process:\t\tUser32 \r\n\tAuthentication Package:\tNegotiate\r\n\tTransited Services:\t-\r\n\tPackage Name (NTLM only):\t-\r\n\tKey Length:\t\t0\r\n\r\nThis event is generated when a logon request fails. It is generated on the computer where access was attempted.\r\n\r\nThe Subject fields indicate the account on the local system which requested the logon. This is most commonly a service such as the Server service, or a local process such as Winlogon.exe or Services.exe.\r\n\r\nThe Logon Type field indicates the kind of logon that was requested. The most common types are 2 (interactive) and 3 (network).\r\n\r\nThe Process Information fields indicate which account and process on the system requested the logon.\r\n\r\nThe Network Information fields indicate where a remote logon request originated. Workstation name is not always available and may be left blank in some cases.\r\n\r\nThe authentication information fields provide detailed information about this specific logon request.\r\n\t- Transited services indicate which intermediate services have participated in this logon request.\r\n\t- Package name indicates which sub-protocol was used among the NTLM protocols.\r\n\t- Key length indicates the length of the generated session key. This will be 0 if no session key was requested.","Category":"Logon","Opcode":"Info","SubjectUserSid":"S-1-5-18","SubjectUserName":"DESKTOP-RKJA15K$","SubjectDomainName":"WORKGROUP","SubjectLogonId":"0x3e7","TargetUserSid":"S-1-0-0","TargetUserName":"doris","TargetDomainName":"DESKTOP-RKJA15K","Status":"0xc000006d","FailureReason":"%%2313","SubStatus":"0xc000006a","LogonType":"2","LogonProcessName":"User32 ","AuthenticationPackageName":"Negotiate","WorkstationName":"DESKTOP-RKJA15K","TransmittedServices":"-","LmPackageName":"-","KeyLength":"0","ProcessName":"C:\\Windows\\System32\\svchost.exe","IpAddress":"127.0.0.1","IpPort":"0","EventReceivedTime":"2025-02-22 09:35:56","SourceModuleName":"in","SourceModuleType":"im_msvistalog"}#015
2025-02-22T17:35:56.980480+00:00 10.10.10.50  {"EventTime":"2025-02-22 09:35:55","Hostname":"DESKTOP-RKJA15K","Keywords":4611721202799542272,"EventType":"INFO","SeverityValue":2,"Severity":"INFO","EventID":2,"SourceName":"Microsoft-Windows-Winlogon","ProviderGuid":"{DBE9B383-7CF3-4331-91CC-A3CB16A3B538}","Version":0,"Task":1,"OpcodeValue":2,"RecordNumber":752,"ProcessID":3488,"ThreadID":8528,"Channel":"Microsoft-Windows-Winlogon/Operational","Domain":"NT AUTHORITY","AccountName":"SYSTEM","UserID":"S-1-5-18","AccountType":"User","Message":"Authentication stopped. Result 1326","Opcode":"Start","Win32Status":"1326","EventReceivedTime":"2025-02-22 09:35:56","SourceModuleName":"in","SourceModuleType":"im_msvistalog"}#015
2025-02-22T17:36:28.206234+00:00 10.10.10.50  {"EventTime":"2025-02-22 09:36:27","Hostname":"DESKTOP-RKJA15K","Keywords":-9223372036854773760,"EventType":"INFO","SeverityValue":2,"Severity":"INFO","EventID":16,"SourceName":"Microsoft-Windows-Diagnosis-PCW","ProviderGuid":"{AABF8B86-7936-4FA2-ACB0-63127F879DBF}","Version":0,"Task":0,"OpcodeValue":0,"RecordNumber":573,"ActivityID":"{CA42BD29-84AF-0001-B0BF-42CAAF84DB01}","ProcessID":9276,"ThreadID":9472,"Channel":"Microsoft-Windows-Diagnosis-PCW/Operational","Domain":"NT AUTHORITY","AccountName":"NETWORK SERVICE","UserID":"S-1-5-20","AccountType":"Well Known Group","Message":"Counter 6 of instance ({3976adcc-b8ec-4ff9-ae0c-6943a79f212a}, CIMWin32, 0) could not be modified. Error: \"The parameter is incorrect.\"","Opcode":"Info","Error":"87","CounterSetGuid":"{3976adcc-b8ec-4ff9-ae0c-6943a79f212a}","InstanceName":"CIMWin32","InstanceId":"0","CounterId":"6","EventReceivedTime":"2025-02-22 09:36:28","SourceModuleName":"in","SourceModuleType":"im_msvistalog"}#015
2025-02-22T17:36:41.290893+00:00 10.10.10.50  {"EventTime":"2025-02-22 09:36:39","Hostname":"DESKTOP-RKJA15K","Keywords":72057594037927936,"EventType":"WARNING","SeverityValue":3,"Severity":"WARNING","EventID":1011,"SourceName":"Microsoft-Windows-Kernel-PnP","ProviderGuid":"{9C205A39-1250-487D-ABD7-E831C6290539}","Version":0,"Task":0,"OpcodeValue":0,"RecordNumber":1089,"ProcessID":4,"ThreadID":8028,"Channel":"Microsoft-Windows-Kernel-PnP/Device Management","Domain":"NT AUTHORITY","AccountName":"SYSTEM","UserID":"S-1-5-18","AccountType":"User","Message":"Device USB\\VID_0000&PID_0001\\5&1ad8e564&0&15 has been surprise removed as it was reported to be failing.\r\nCount of devices removed: 1","Opcode":"Info","DeviceInstanceId":"USB\\VID_0000&amp;PID_0001\\5&amp;1ad8e564&amp;0&amp;15","DeviceCount":"1","EventReceivedTime":"2025-02-22 09:36:41","SourceModuleName":"in","SourceModuleType":"im_msvistalog"}#015
2025-02-22T17:36:41.292401+00:00 10.10.10.50  {"EventTime":"2025-02-22 09:36:39","Hostname":"DESKTOP-RKJA15K","Keywords":4611686018427387904,"EventType":"INFO","SeverityValue":2,"Severity":"INFO","EventID":5857,"SourceName":"Microsoft-Windows-WMI-Activity","ProviderGuid":"{1418EF04-B0B4-4623-BF7E-D74AB47BBDAA}","Version":0,"Task":0,"OpcodeValue":0,"RecordNumber":4045,"ActivityID":"{CA42BD29-84AF-0005-A535-43CAAF84DB01}","ProcessID":9276,"ThreadID":9472,"Channel":"Microsoft-Windows-WMI-Activity/Operational","Domain":"NT AUTHORITY","AccountName":"NETWORK SERVICE","UserID":"S-1-5-20","AccountType":"Well Known Group","Message":"CIMWin32 provider started with result code 0x0. HostProcess = wmiprvse.exe; ProcessID = 9276; ProviderPath = %systemroot%\\system32\\wbem\\cimwin32.dll","Opcode":"Info","EventReceivedTime":"2025-02-22 09:36:41","SourceModuleName":"in","SourceModuleType":"im_msvistalog"}#015
2025-02-22T17:36:58.399346+00:00 10.10.10.50  {"EventTime":"2025-02-22 09:36:56","Hostname":"DESKTOP-RKJA15K","Keywords":-9223372036854775808,"EventType":"INFO","SeverityValue":2,"Severity":"INFO","EventID":4006,"SourceName":"Microsoft-Windows-AppID","ProviderGuid":"{3CB2A168-FE19-4A4E-BDAD-DCF422F13473}","Version":0,"Task":0,"OpcodeValue":0,"RecordNumber":79,"ProcessID":8572,"ThreadID":3348,"Channel":"Microsoft-Windows-AppID/Operational","Domain":"NT AUTHORITY","AccountName":"LOCAL SERVICE","UserID":"S-1-5-19","AccountType":"Well Known Group","Message":"AppID certificate store is verified.","Opcode":"Info","EventReceivedTime":"2025-02-22 09:36:58","SourceModuleName":"in","SourceModuleType":"im_msvistalog"}#015
