
2025-02-22T17:35:44.597190+00:00 10.10.10.50  {"EventTime":"2025-02-22 09:35:43","Hostname":"DESKTOP-RKJA15K","Keywords":72057594037927936,"EventType":"WARNING","SeverityValue":3,"Severity":"WARNING","EventID":1011,"SourceName":"Microsoft-Windows-Kernel-PnP","ProviderGuid":"{9C205A39-1250-487D-ABD7-E831C6290539}","Version":0,"Task":0,"OpcodeValue":0,"RecordNumber":1088,"ProcessID":4,"ThreadID":9364,"Channel":"Microsoft-Windows-Kernel-PnP/Device Management","Domain":"NT AUTHORITY","AccountName":"SYSTEM","UserID":"S-1-5-18","AccountType":"User","Message":"Device USB\\VID_0000&PID_0001\\5&1ad8e564&0&15 has been surprise removed as it was reported to be failing.\r\nCount of devices removed: 1","Opcode":"Info","DeviceInstanceId":"USB\\VID_0000&amp;PID_0001\\5&amp;1ad8e564&amp;0&amp;15","DeviceCount":"1","EventReceivedTime":"2025-02-22 09:35:44","SourceModuleName":"in","SourceModuleType":"im_msvistalog"}#015
2025-02-22T17:35:47.633217+00:00 10.10.10.50  {"EventTime":"2025-02-22 09:35:45","Hostname":"DESKTOP-RKJA15K","Keywords":-9214364837600034816,"EventType":"AUDIT_SUCCESS","SeverityValue":2,"Severity":"INFO","EventID":4624,"SourceName":"Microsoft-Windows-Security-Auditing","ProviderGuid":"{54849625-5478-4994-A5BA-3E3B0328C30D}","Version":3,"Task":12544,"OpcodeValue":0,"RecordNumber":35959,"ActivityID":"{CA42BD29-84AF-0002-F9BD-42CAAF84DB01}","ProcessID":600,"ThreadID":1096,"Channel":"Security","Message":"An account was successfully logged on.\r\n\r\nSubject:\r\n\tSecurity ID:\t\tS-1-5-18\r\n\tAccount Name:\t\tDESKTOP-RKJA15K$\r\n\tAccount Domain:\t\tWORKGROUP\r\n\tLogon ID:\t\t0x3E7\r\n\r\nLogon Information:\r\n\tLogon Type:\t\t5\r\n\tRestricted Admin Mode:\t-\r\n\tRemote Credential Guard:\t-\r\n\tVirtual Account:\t\tNo\r\n\tElevated Token:\t\tYes\r\n\r\nImpersonation Level:\t\tImpersonation\r\n\r\nNew Logon:\r\n\tSecurity ID:\t\tS-1-5-18\r\n\tAccount Name:\t\tSYSTEM\r\n\tAccount Domain:\t\tNT AUTHORITY\r\n\tLogon ID:\t\t0x3E7\r\n\tLinked Logon ID:\t\t0x0\r\n\tNetwork Account Name:\t-\r\n\tNetwork Account Domain:\t-\r\n\tLogon GUID:\t\t{00000000-0000-0000-0000-000000000000}\r\n\r\nProcess Information:\r\n\tProcess ID:\t\t0x280\r\n\tProcess Name:\t\tC:\\Windows\\System32\\services.exe\r\n\r\nNetwork Information:\r\n\tWorkstation Name:\t-\r\n\tSource Network Address:\t-\r\n\tSource Port:\t\t-\r\n\r\nDetailed Authentication Information:\r\n\tLogon Process:\t\tAdvapi  \r\n\tAuthentication Package:\tNegotiate\r\n\tTransited Services:\t-\r\n\tPackage Name (NTLM only):\t-\r\n\tKey Length:\t\t0\r\n\r\nThis event is generated when a logon session is created. It is generated on the computer that was accessed.\r\n\r\nThe subject fields indicate the account on the local system which requested the logon. This is most commonly a service such as the Server service, or a local process such as Winlogon.exe or Services.exe.\r\n\r\nThe logon type field indicates the kind of logon that occurred. The most common types are 2 (interactive) and 3 (network).\r\n\r\nThe New Logon fields indicate the account for whom the new logon was created, i.e. the account that was logged on.\r\n\r\nThe network fields indicate where a remote logon request originated. Workstation name is not always available and may be left blank in some cases.\r\n\r\nThe impersonation level field indicates the extent to which a process in the logon session can impersonate.\r\n\r\nThe authentication information fields provide detailed information about this specific logon request.\r\n\t- Logon GUID is a unique identifier that can be used to correlate this event with a KDC event.\r\n\t- Transited services indicate which intermediate services have participated in this logon request.\r\n\t- Package name indicates which sub-protocol was used among the NTLM protocols.\r\n\t- Key length indicates the length of the generated session key. This will be 0 if no session key was requested.","Category":"Logon","Opcode":"Info","SubjectUserSid":"S-1-5-18","SubjectUserName":"DESKTOP-RKJA15K$","SubjectDomainName":"WORKGROUP","SubjectLogonId":"0x3e7","TargetUserSid":"S-1-5-18","TargetUserName":"SYSTEM","TargetDomainName":"NT AUTHORITY","TargetLogonId":"0x3e7","LogonType":"5","LogonProcessName":"Advapi  ","AuthenticationPackageName":"Negotiate","WorkstationName":"-","LogonGuid":"{00000000-0000-0000-0000-000000000000}","TransmittedServices":"-","LmPackageName":"-","KeyLength":"0","ProcessName":"C:\\Windows\\System32\\services.exe","IpAddress":"-","IpPort":"-","ImpersonationLevel":"%%1833","RestrictedAdminMode":"-","RemoteCredentialGuard":"-","TargetOutboundUserName":"-","TargetOutboundDomainName":"-","VirtualAccount":"%%1843","TargetLinkedLogonId":"0x0","ElevatedToken":"%%1842","EventReceivedTime":"2025-02-22 09:35:47","SourceModuleName":"in","SourceModuleType":"im_msvistalog"}#015
2025-02-22T17:35:47.633217+00:00 10.10.10.50  {"EventTime":"2025-02-22 09:35:45","Hostname":"DESKTOP-RKJA15K","Keywords":-9214364837600034816,"EventType":"AUDIT_SUCCESS","SeverityValue":2,"Severity":"INFO","EventID":4672,"SourceName":"Microsoft-Windows-Security-Auditing","ProviderGuid":"{54849625-5478-4994-A5BA-3E3B0328C30D}","Version":0,"Task":12548,"OpcodeValue":0,"RecordNumber":35960,"ActivityID":"{CA42BD29-84AF-0002-F9BD-42CAAF84DB01}","ProcessID":600,"ThreadID":1096,"Channel":"Security","Message":"Special privileges assigned to new logon.\r\n\r\nSubject:\r\n\tSecurity ID:\t\tS-1-5-18\r\n\tAccount Name:\t\tSYSTEM\r\n\tAccount Domain:\t\tNT AUTHORITY\r\n\tLogon ID:\t\t0x3E7\r\n\r\nPrivileges:\t\tSeAssignPrimaryTokenPrivilege\r\n\t\t\tSeTcbPrivilege\r\n\t\t\tSeSecurityPrivilege\r\n\t\t\tSeTakeOwnershipPrivilege\r\n\t\t\tSeLoadDriverPrivilege\r\n\t\t\tSeBackupPrivilege\r\n\t\t\tSeRestorePrivilege\r\n\t\t\tSeDebugPrivilege\r\n\t\t\tSeAuditPrivilege\r\n\t\t\tSeSystemEnvironmentPrivilege\r\n\t\t\tSeImpersonatePrivilege\r\n\t\t\tSeDelegateSessionUserImpersonatePrivilege","Category":"Logon","Opcode":"Info","SubjectUserSid":"S-1-5-18","SubjectUserName":"SYSTEM","SubjectDomainName":"NT AUTHORITY","SubjectLogonId":"0x3e7","PrivilegeList":"SeAssignPrimaryTokenPrivilege\r\n\t\t\tSeTcbPrivilege\r\n\t\t\tSeSecurityPrivilege\r\n\t\t\tSeTakeOwnershipPrivilege\r\n\t\t\tSeLoadDriverPrivilege\r\n\t\t\tSeBackupPrivilege\r\n\t\t\tSeRestorePrivilege\r\n\t\t\tSeDebugPrivilege\r\n\t\t\tSeAuditPrivilege\r\n\t\t\tSeSystemEnvironmentPrivilege\r\n\t\t\tSeImpersonatePrivilege\r\n\t\t\tSeDelegateSessionUserImpersonatePrivilege","EventReceivedTime":"2025-02-22 09:35:47","SourceModuleName":"in","SourceModuleType":"im_msvistalog"}#015
2025-02-22T17:35:47.635888+00:00 10.10.10.50  {"EventTime":"2025-02-22 09:35:45","Hostname":"DESKTOP-RKJA15K","Keywords":4611686018427387904,"EventType":"INFO","SeverityValue":2,"Severity":"INFO","EventID":4116,"SourceName":"Microsoft-Windows-GroupPolicy","ProviderGuid":"{AEA1B4FA-97D1-45F2-A64C-4D69FFFD92C9}","Version":0,"Task":0,"OpcodeValue":0,"RecordNumber":941,"ProcessID":7020,"ThreadID":6168,"Channel":"Microsoft-Windows-GroupPolicy/Operational","Domain":"NT AUTHORITY","AccountName":"SYSTEM","UserID":"S-1-5-18","AccountType":"User","Message":"Started the Group Policy service initialization phase.","Opcode":"Info","EventReceivedTime":"2025-02-22 09:35:47","SourceModuleName":"in","SourceModuleType":"im_msvistalog"}#015
2025-02-22T17:35:47.636651+00:00 10.10.10.50  {"EventTime":"2025-02-22 09:35:45","Hostname":"DESKTOP-RKJA15K","Keywords":4611686018427387904,"EventType":"INFO","SeverityValue":2,"Severity":"INFO","EventID":4115,"SourceName":"Microsoft-Windows-GroupPolicy","ProviderGuid":"{AEA1B4FA-97D1-45F2-A64C-4D69FFFD92C9}","Version":0,"Task":0,"OpcodeValue":0,"RecordNumber":942,"ProcessID":7020,"ThreadID":6168,"Channel":"Microsoft-Windows-GroupPolicy/Operational","Domain":"NT AUTHORITY","AccountName":"SYSTEM","UserID":"S-1-5-18","AccountType":"User","Message":"Group Policy Service started.","Opcode":"Info","IsServiceRestart":"true","IsMachineBoot":"false","EventReceivedTime":"2025-02-22 09:35:47","SourceModuleName":"in","SourceModuleType":"im_msvistalog"}#015
2025-02-22T17:35:47.637922+00:00 10.10.10.50  {"EventTime":"2025-02-22 09:35:45","Hostname":"DESKTOP-RKJA15K","Keywords":4611686018427387904,"EventType":"INFO","SeverityValue":2,"Severity":"INFO","EventID":5324,"SourceName":"Microsoft-Windows-GroupPolicy","ProviderGuid":"{AEA1B4FA-97D1-45F2-A64C-4D69FFFD92C9}","Version":0,"Task":0,"OpcodeValue":0,"RecordNumber":943,"ProcessID":7020,"ThreadID":6168,"Channel":"Microsoft-Windows-GroupPolicy/Operational","Domain":"NT AUTHORITY","AccountName":"SYSTEM","UserID":"S-1-5-18","AccountType":"User","Message":"Group Policy received the notification CreateSession from Winlogon for session 0.","Opcode":"Info","NotificationType":"0","SessionId":"0","EventReceivedTime":"2025-02-22 09:35:47","SourceModuleName":"in","SourceModuleType":"im_msvistalog"}#015
2025-02-22T17:35:47.638030+00:00 10.10.10.50  {"EventTime":"2025-02-22 09:35:45","Hostname":"DESKTOP-RKJA15K","Keywords":4611686018427387904,"EventType":"INFO","SeverityValue":2,"Severity":"INFO","EventID":5351,"SourceName":"Microsoft-Windows-GroupPolicy","ProviderGuid":"{AEA1B4FA-97D1-45F2-A64C-4D69FFFD92C9}","Version":0,"Task":0,"OpcodeValue":0,"RecordNumber":944,"ProcessID":7020,"ThreadID":6168,"Channel":"Microsoft-Windows-GroupPolicy/Operational","Domain":"NT AUTHORITY","AccountName":"SYSTEM","UserID":"S-1-5-18","AccountType":"User","Message":"Group policy session returned to winlogon.","Opcode":"Info","IsMachine":"true","WinlogonReturnTimeElapsedInMilliseconds":"0","EventReceivedTime":"2025-02-22 09:35:47","SourceModuleName":"in","SourceModuleType":"im_msvistalog"}#015
2025-02-22T17:35:47.639670+00:00 10.10.10.50  {"EventTime":"2025-02-22 09:35:45","Hostname":"DESKTOP-RKJA15K","Keywords":4611686018427387904,"EventType":"INFO","SeverityValue":2,"Severity":"INFO","EventID":4117,"SourceName":"Microsoft-Windows-GroupPolicy","ProviderGuid":"{AEA1B4FA-97D1-45F2-A64C-4D69FFFD92C9}","Version":0,"Task":0,"OpcodeValue":0,"RecordNumber":945,"ProcessID":7020,"ThreadID":4220,"Channel":"Microsoft-Windows-GroupPolicy/Operational","Domain":"NT AUTHORITY","AccountName":"SYSTEM","UserID":"S-1-5-18","AccountType":"User","Message":"Group Policy Session started.","Opcode":"Info","IsMachine":"true","IsBackgroundProcessing":"true","IsAsyncProcessing":"false","EventReceivedTime":"2025-02-22 09:35:47","SourceModuleName":"in","SourceModuleType":"im_msvistalog"}#015
2025-02-22T17:35:47.639670+00:00 10.10.10.50  {"EventTime":"2025-02-22 09:35:45","Hostname":"DESKTOP-RKJA15K","Keywords":4611686018427387904,"EventType":"INFO","SeverityValue":2,"Severity":"INFO","EventID":5351,"SourceName":"Microsoft-Windows-GroupPolicy","ProviderGuid":"{AEA1B4FA-97D1-45F2-A64C-4D69FFFD92C9}","Version":0,"Task":0,"OpcodeValue":0,"RecordNumber":946,"ProcessID":7020,"ThreadID":6168,"Channel":"Microsoft-Windows-GroupPolicy/Operational","Domain":"NT AUTHORITY","AccountName":"SYSTEM","UserID":"S-1-5-18","AccountType":"User","Message":"Group policy session returned to winlogon.","Opcode":"Info","IsMachine":"true","WinlogonReturnTimeElapsedInMilliseconds":"0","EventReceivedTime":"2025-02-22 09:35:47","SourceModuleName":"in","SourceModuleType":"im_msvistalog"}#015
2025-02-22T17:35:47.639879+00:00 10.10.10.50  {"EventTime":"2025-02-22 09:35:45","Hostname":"DESKTOP-RKJA15K","Keywords":4611686018427387904,"EventType":"INFO","SeverityValue":2,"Severity":"INFO","EventID":4117,"SourceName":"Microsoft-Windows-GroupPolicy","ProviderGuid":"{AEA1B4FA-97D1-45F2-A64C-4D69FFFD92C9}","Version":0,"Task":0,"OpcodeValue":0,"RecordNumber":947,"ProcessID":7020,"ThreadID":3496,"Channel":"Microsoft-Windows-GroupPolicy/Operational","Domain":"NT AUTHORITY","AccountName":"SYSTEM","UserID":"S-1-5-18","AccountType":"User","Message":"Group Policy Session started.","Opcode":"Info","IsMachine":"false","IsBackgroundProcessing":"true","IsAsyncProcessing":"false","EventReceivedTime":"2025-02-22 09:35:47","SourceModuleName":"in","SourceModuleType":"im_msvistalog"}#015
2025-02-22T17:35:47.641094+00:00 10.10.10.50  {"EventTime":"2025-02-22 09:35:45","Hostname":"DESKTOP-RKJA15K","Keywords":4611686018427387904,"EventType":"INFO","SeverityValue":2,"Severity":"INFO","EventID":5116,"SourceName":"Microsoft-Windows-GroupPolicy","ProviderGuid":"{AEA1B4FA-97D1-45F2-A64C-4D69FFFD92C9}","Version":0,"Task":0,"OpcodeValue":0,"RecordNumber":948,"ProcessID":7020,"ThreadID":6412,"Channel":"Microsoft-Windows-GroupPolicy/Operational","Domain":"NT AUTHORITY","AccountName":"SYSTEM","UserID":"S-1-5-18","AccountType":"User","Message":"Successfully completed the Group Policy Service initialization phase.","Opcode":"Info","GpsvcInitTimeElapsedInMilliseconds":"0","EventReceivedTime":"2025-02-22 09:35:47","SourceModuleName":"in","SourceModuleType":"im_msvistalog"}#015
2025-02-22T17:35:47.641094+00:00 10.10.10.50  {"EventTime":"2025-02-22 09:35:45","Hostname":"DESKTOP-RKJA15K","Keywords":4611686018427387904,"EventType":"INFO","SeverityValue":2,"Severity":"INFO","EventID":5320,"SourceName":"Microsoft-Windows-GroupPolicy","ProviderGuid":"{AEA1B4FA-97D1-45F2-A64C-4D69FFFD92C9}","Version":0,"Task":0,"OpcodeValue":0,"RecordNumber":949,"ProcessID":7020,"ThreadID":6412,"Channel":"Microsoft-Windows-GroupPolicy/Operational","Domain":"NT AUTHORITY","AccountName":"SYSTEM","UserID":"S-1-5-18","AccountType":"User","Message":"The Group Policy Client service is currently configured as a standalone service.","Opcode":"Info","InfoDescription":"%%4169","EventReceivedTime":"2025-02-22 09:35:47","SourceModuleName":"in","SourceModuleType":"im_msvistalog"}#015
2025-02-22T17:35:47.641894+00:00 10.10.10.50  {"EventTime":"2025-02-22 09:35:45","Hostname":"DESKTOP-RKJA15K","Keywords":4611686018427387904,"EventType":"INFO","SeverityValue":2,"Severity":"INFO","EventID":5117,"SourceName":"Microsoft-Windows-GroupPolicy","ProviderGuid":"{AEA1B4FA-97D1-45F2-A64C-4D69FFFD92C9}","Version":0,"Task":0,"OpcodeValue":0,"RecordNumber":950,"ActivityID":"{8CF52CCA-5D44-46D7-800C-7892938A8B2F}","ProcessID":7020,"ThreadID":3496,"Channel":"Microsoft-Windows-GroupPolicy/Operational","Domain":"NT AUTHORITY","AccountName":"SYSTEM","UserID":"S-1-5-18","AccountType":"User","Message":"Group policy session completed successfully.","Opcode":"Info","IsMachine":"false","SessionTimeElapsedInMilliseconds":"0","EventReceivedTime":"2025-02-22 09:35:47","SourceModuleName":"in","SourceModuleType":"im_msvistalog"}#015
2025-02-22T17:35:47.641894+00:00 10.10.10.50  {"EventTime":"2025-02-22 09:35:45","Hostname":"DESKTOP-RKJA15K","Keywords":4611686018427387904,"EventType":"INFO","SeverityValue":2,"Severity":"INFO","EventID":5320,"SourceName":"Microsoft-Windows-GroupPolicy","ProviderGuid":"{AEA1B4FA-97D1-45F2-A64C-4D69FFFD92C9}","Version":0,"Task":0,"OpcodeValue":0,"RecordNumber":951,"ProcessID":7020,"ThreadID":6412,"Channel":"Microsoft-Windows-GroupPolicy/Operational","Domain":"NT AUTHORITY","AccountName":"SYSTEM","UserID":"S-1-5-18","AccountType":"User","Message":"Initializing and reading current service configuration for the Group Policy Client service.","Opcode":"Info","InfoDescription":"%%4160","EventReceivedTime":"2025-02-22 09:35:47","SourceModuleName":"in","SourceModuleType":"im_msvistalog"}#015
2025-02-22T17:35:47.643862+00:00 10.10.10.50  {"EventTime":"2025-02-22 09:35:45","Hostname":"DESKTOP-RKJA15K","Keywords":4611686018427387904,"EventType":"INFO","SeverityValue":2,"Severity":"INFO","EventID":5320,"SourceName":"Microsoft-Windows-GroupPolicy","ProviderGuid":"{AEA1B4FA-97D1-45F2-A64C-4D69FFFD92C9}","Version":0,"Task":0,"OpcodeValue":0,"RecordNumber":952,"ProcessID":7020,"ThreadID":6412,"Channel":"Microsoft-Windows-GroupPolicy/Operational","Domain":"NT AUTHORITY","AccountName":"SYSTEM","UserID":"S-1-5-18","AccountType":"User","Message":"Initializing service instance state to detect previous instances of the service.","Opcode":"Info","InfoDescription":"%%4166","EventReceivedTime":"2025-02-22 09:35:47","SourceModuleName":"in","SourceModuleType":"im_msvistalog"}#015
2025-02-22T17:35:47.643862+00:00 10.10.10.50  {"EventTime":"2025-02-22 09:35:45","Hostname":"DESKTOP-RKJA15K","Keywords":4611686018427387904,"EventType":"INFO","SeverityValue":2,"Severity":"INFO","EventID":5321,"SourceName":"Microsoft-Windows-GroupPolicy","ProviderGuid":"{AEA1B4FA-97D1-45F2-A64C-4D69FFFD92C9}","Version":0,"Task":0,"OpcodeValue":0,"RecordNumber":953,"ProcessID":7020,"ThreadID":6412,"Channel":"Microsoft-Windows-GroupPolicy/Operational","Domain":"NT AUTHORITY","AccountName":"SYSTEM","UserID":"S-1-5-18","AccountType":"User","Message":"A previous instance of the Group Policy Client Service was detected. Parameter: cf7994f3-2b20-4298-8e52-aa088a39a0ec","Opcode":"Info","InfoDescription":"%%4167","OperationParameter1":"cf7994f3-2b20-4298-8e52-aa088a39a0ec","EventReceivedTime":"2025-02-22 09:35:47","SourceModuleName":"in","SourceModuleType":"im_msvistalog"}#015
2025-02-22T17:35:47.644955+00:00 10.10.10.50  {"EventTime":"2025-02-22 09:35:45","Hostname":"DESKTOP-RKJA15K","Keywords":4611686018427387904,"EventType":"INFO","SeverityValue":2,"Severity":"INFO","EventID":5117,"SourceName":"Microsoft-Windows-GroupPolicy","ProviderGuid":"{AEA1B4FA-97D1-45F2-A64C-4D69FFFD92C9}","Version":0,"Task":0,"OpcodeValue":0,"RecordNumber":954,"ActivityID":"{C9CFAC98-F542-4CA4-9B83-89E067B3D56D}","ProcessID":7020,"ThreadID":4220,"Channel":"Microsoft-Windows-GroupPolicy/Operational","Domain":"NT AUTHORITY","AccountName":"SYSTEM","UserID":"S-1-5-18","AccountType":"User","Message":"Group policy session completed successfully.","Opcode":"Info","IsMachine":"true","SessionTimeElapsedInMilliseconds":"0","EventReceivedTime":"2025-02-22 09:35:47","SourceModuleName":"in","SourceModuleType":"im_msvistalog"}#015
2025-02-22T17:35:51.673409+00:00 10.10.10.50  {"EventTime":"2025-02-22 09:35:50","Hostname":"DESKTOP-RKJA15K","Keywords":-9214364837600034816,"EventType":"AUDIT_SUCCESS","SeverityValue":2,"Severity":"INFO","EventID":4624,"SourceName":"Microsoft-Windows-Security-Auditing","ProviderGuid":"{54849625-5478-4994-A5BA-3E3B0328C30D}","Version":3,"Task":12544,"OpcodeValue":0,"RecordNumber":35961,"ActivityID":"{CA42BD29-84AF-0002-F9BD-42CAAF84DB01}","ProcessID":600,"ThreadID":1096,"Channel":"Security","Message":"An account was successfully logged on.\r\n\r\nSubject:\r\n\tSecurity ID:\t\tS-1-5-18\r\n\tAccount Name:\t\tDESKTOP-RKJA15K$\r\n\tAccount Domain:\t\tWORKGROUP\r\n\tLogon ID:\t\t0x3E7\r\n\r\nLogon Information:\r\n\tLogon Type:\t\t5\r\n\tRestricted Admin Mode:\t-\r\n\tRemote Credential Guard:\t-\r\n\tVirtual Account:\t\tNo\r\n\tElevated Token:\t\tYes\r\n\r\nImpersonation Level:\t\tImpersonation\r\n\r\nNew Logon:\r\n\tSecurity ID:\t\tS-1-5-18\r\n\tAccount Name:\t\tSYSTEM\r\n\tAccount Domain:\t\tNT AUTHORITY\r\n\tLogon ID:\t\t0x3E7\r\n\tLinked Logon ID:\t\t0x0\r\n\tNetwork Account Name:\t-\r\n\tNetwork Account Domain:\t-\r\n\tLogon GUID:\t\t{00000000-0000-0000-0000-000000000000}\r\n\r\nProcess Information:\r\n\tProcess ID:\t\t0x280\r\n\tProcess Name:\t\tC:\\Windows\\System32\\services.exe\r\n\r\nNetwork Information:\r\n\tWorkstation Name:\t-\r\n\tSource Network Address:\t-\r\n\tSource Port:\t\t-\r\n\r\nDetailed Authentication Information:\r\n\tLogon Process:\t\tAdvapi  \r\n\tAuthentication Package:\tNegotiate\r\n\tTransited Services:\t-\r\n\tPackage Name (NTLM only):\t-\r\n\tKey Length:\t\t0\r\n\r\nThis event is generated when a logon session is created. It is generated on the computer that was accessed.\r\n\r\nThe subject fields indicate the account on the local system which requested the logon. This is most commonly a service such as the Server service, or a local process such as Winlogon.exe or Services.exe.\r\n\r\nThe logon type field indicates the kind of logon that occurred. The most common types are 2 (interactive) and 3 (network).\r\n\r\nThe New Logon fields indicate the account for whom the new logon was created, i.e. the account that was logged on.\r\n\r\nThe network fields indicate where a remote logon request originated. Workstation name is not always available and may be left blank in some cases.\r\n\r\nThe impersonation level field indicates the extent to which a process in the logon session can impersonate.\r\n\r\nThe authentication information fields provide detailed information about this specific logon request.\r\n\t- Logon GUID is a unique identifier that can be used to correlate this event with a KDC event.\r\n\t- Transited services indicate which intermediate services have participated in this logon request.\r\n\t- Package name indicates which sub-protocol was used among the NTLM protocols.\r\n\t- Key length indicates the length of the generated session key. This will be 0 if no session key was requested.","Category":"Logon","Opcode":"Info","SubjectUserSid":"S-1-5-18","SubjectUserName":"DESKTOP-RKJA15K$","SubjectDomainName":"WORKGROUP","SubjectLogonId":"0x3e7","TargetUserSid":"S-1-5-18","TargetUserName":"SYSTEM","TargetDomainName":"NT AUTHORITY","TargetLogonId":"0x3e7","LogonType":"5","LogonProcessName":"Advapi  ","AuthenticationPackageName":"Negotiate","WorkstationName":"-","LogonGuid":"{00000000-0000-0000-0000-000000000000}","TransmittedServices":"-","LmPackageName":"-","KeyLength":"0","ProcessName":"C:\\Windows\\System32\\services.exe","IpAddress":"-","IpPort":"-","ImpersonationLevel":"%%1833","RestrictedAdminMode":"-","RemoteCredentialGuard":"-","TargetOutboundUserName":"-","TargetOutboundDomainName":"-","VirtualAccount":"%%1843","TargetLinkedLogonId":"0x0","ElevatedToken":"%%1842","EventReceivedTime":"2025-02-22 09:35:51","SourceModuleName":"in","SourceModuleType":"im_msvistalog"}#015
2025-02-22T17:35:51.673748+00:00 10.10.10.50  {"EventTime":"2025-02-22 09:35:50","Hostname":"DESKTOP-RKJA15K","Keywords":-9214364837600034816,"EventType":"AUDIT_SUCCESS","SeverityValue":2,"Severity":"INFO","EventID":4672,"SourceName":"Microsoft-Windows-Security-Auditing","ProviderGuid":"{54849625-5478-4994-A5BA-3E3B0328C30D}","Version":0,"Task":12548,"OpcodeValue":0,"RecordNumber":35962,"ActivityID":"{CA42BD29-84AF-0002-F9BD-42CAAF84DB01}","ProcessID":600,"ThreadID":1096,"Channel":"Security","Message":"Special privileges assigned to new logon.\r\n\r\nSubject:\r\n\tSecurity ID:\t\tS-1-5-18\r\n\tAccount Name:\t\tSYSTEM\r\n\tAccount Domain:\t\tNT AUTHORITY\r\n\tLogon ID:\t\t0x3E7\r\n\r\nPrivileges:\t\tSeAssignPrimaryTokenPrivilege\r\n\t\t\tSeTcbPrivilege\r\n\t\t\tSeSecurityPrivilege\r\n\t\t\tSeTakeOwnershipPrivilege\r\n\t\t\tSeLoadDriverPrivilege\r\n\t\t\tSeBackupPrivilege\r\n\t\t\tSeRestorePrivilege\r\n\t\t\tSeDebugPrivilege\r\n\t\t\tSeAuditPrivilege\r\n\t\t\tSeSystemEnvironmentPrivilege\r\n\t\t\tSeImpersonatePrivilege\r\n\t\t\tSeDelegateSessionUserImpersonatePrivilege","Category":"Logon","Opcode":"Info","SubjectUserSid":"S-1-5-18","SubjectUserName":"SYSTEM","SubjectDomainName":"NT AUTHORITY","SubjectLogonId":"0x3e7","PrivilegeList":"SeAssignPrimaryTokenPrivilege\r\n\t\t\tSeTcbPrivilege\r\n\t\t\tSeSecurityPrivilege\r\n\t\t\tSeTakeOwnershipPrivilege\r\n\t\t\tSeLoadDriverPrivilege\r\n\t\t\tSeBackupPrivilege\r\n\t\t\tSeRestorePrivilege\r\n\t\t\tSeDebugPrivilege\r\n\t\t\tSeAuditPrivilege\r\n\t\t\tSeSystemEnvironmentPrivilege\r\n\t\t\tSeImpersonatePrivilege\r\n\t\t\tSeDelegateSessionUserImpersonatePrivilege","EventReceivedTime":"2025-02-22 09:35:51","SourceModuleName":"in","SourceModuleType":"im_msvistalog"}#015
2025-02-22T17:35:51.677754+00:00 10.10.10.50  {"EventTime":"2025-02-22 09:35:50","Hostname":"DESKTOP-RKJA15K","Keywords":4611686018431584274,"EventType":"ERROR","SeverityValue":4,"Severity":"ERROR","EventID":6113,"SourceName":"Microsoft-Windows-LiveId","ProviderGuid":"{05F02597-FE85-4E67-8542-69567AB8FD4F}","Version":0,"Task":0,"OpcodeValue":0,"RecordNumber":835,"ProcessID":9780,"ThreadID":2388,"Channel":"Microsoft-Windows-LiveId/Operational","Domain":"NT AUTHORITY","AccountName":"SYSTEM","UserID":"S-1-5-18","AccountType":"User","Message":"RPC call to function WLIDCreateContext returned the following error code: 0x8004800C.","Opcode":"Info","FunctionName":"WLIDCreateContext","ErrorCode":"2147778572","EventReceivedTime":"2025-02-22 09:35:51","SourceModuleName":"in","SourceModuleType":"im_msvistalog"}#015
2025-02-22T17:35:51.678586+00:00 10.10.10.50  {"EventTime":"2025-02-22 09:35:50","Hostname":"DESKTOP-RKJA15K","Keywords":4611686018427387920,"EventType":"INFO","SeverityValue":2,"Severity":"INFO","EventID":2024,"SourceName":"Microsoft-Windows-LiveId","ProviderGuid":"{05F02597-FE85-4E67-8542-69567AB8FD4F}","Version":0,"Task":101,"OpcodeValue":0,"RecordNumber":836,"ProcessID":9780,"ThreadID":2388,"Channel":"Microsoft-Windows-LiveId/Operational","Domain":"NT AUTHORITY","AccountName":"SYSTEM","UserID":"S-1-5-18","AccountType":"User","Message":"Operation: Service started\r\nDetails: The service will auto stop if no requests received for some period of time.\r\nStatus: 0x0\r\n","Category":"WLID Service Operation","Opcode":"Info","Operation":"Service started","Details":"The service will auto stop if no requests received for some period of time.","Status":"0x0","EventReceivedTime":"2025-02-22 09:35:51","SourceModuleName":"in","SourceModuleType":"im_msvistalog"}#015
2025-02-22T17:35:51.678586+00:00 10.10.10.50  {"EventTime":"2025-02-22 09:35:50","Hostname":"DESKTOP-RKJA15K","Keywords":-9214364837600034816,"EventType":"AUDIT_SUCCESS","SeverityValue":2,"Severity":"INFO","EventID":5379,"SourceName":"Microsoft-Windows-Security-Auditing","ProviderGuid":"{54849625-5478-4994-A5BA-3E3B0328C30D}","Version":0,"Task":13824,"OpcodeValue":0,"RecordNumber":35963,"ActivityID":"{CA42BD29-84AF-0002-F9BD-42CAAF84DB01}","ProcessID":600,"ThreadID":9200,"Channel":"Security","Message":"Credential Manager credentials were read.\r\n\r\nSubject:\r\n\tSecurity ID:\t\tS-1-5-18\r\n\tAccount Name:\t\tDESKTOP-RKJA15K$\r\n\tAccount Domain:\t\tWORKGROUP\r\n\tLogon ID:\t\t0x3E7\r\n\tRead Operation:\t\tEnumerate Credentials\r\n\r\nThis event occurs when a user performs a read operation on stored credentials in Credential Manager.","Category":"Logon","Opcode":"Info","SubjectUserSid":"S-1-5-18","SubjectUserName":"DESKTOP-RKJA15K$","SubjectDomainName":"WORKGROUP","SubjectLogonId":"0x3e7","TargetName":"WindowsLive:(token):name=02hkxzlfxyornepn;serviceuri=*","Type":"0","CountOfCredentialsReturned":"0","ReadOperation":"%%8100","ReturnCode":"3221226021","ProcessCreationTime":"2025-02-22T17:35:50.0593109Z","ClientProcessId":"9780","EventReceivedTime":"2025-02-22 09:35:51","SourceModuleName":"in","SourceModuleType":"im_msvistalog"}#015
2025-02-22T17:35:51.680820+00:00 10.10.10.50  {"EventTime":"2025-02-22 09:35:50","Hostname":"DESKTOP-RKJA15K","Keywords":-9214364837600034816,"EventType":"AUDIT_SUCCESS","SeverityValue":2,"Severity":"INFO","EventID":5379,"SourceName":"Microsoft-Windows-Security-Auditing","ProviderGuid":"{54849625-5478-4994-A5BA-3E3B0328C30D}","Version":0,"Task":13824,"OpcodeValue":0,"RecordNumber":35964,"ActivityID":"{CA42BD29-84AF-0002-F9BD-42CAAF84DB01}","ProcessID":600,"ThreadID":9200,"Channel":"Security","Message":"Credential Manager credentials were read.\r\n\r\nSubject:\r\n\tSecurity ID:\t\tS-1-5-18\r\n\tAccount Name:\t\tDESKTOP-RKJA15K$\r\n\tAccount Domain:\t\tWORKGROUP\r\n\tLogon ID:\t\t0x3E7\r\n\tRead Operation:\t\tEnumerate Credentials\r\n\r\nThis event occurs when a user performs a read operation on stored credentials in Credential Manager.","Category":"Logon","Opcode":"Info","SubjectUserSid":"S-1-5-18","SubjectUserName":"DESKTOP-RKJA15K$","SubjectDomainName":"WORKGROUP","SubjectLogonId":"0x3e7","TargetName":"WindowsLive:(cert):name=02hkxzlfxyornepn;serviceuri=*","Type":"0","CountOfCredentialsReturned":"0","ReadOperation":"%%8100","ReturnCode":"3221226021","ProcessCreationTime":"2025-02-22T17:35:50.0593109Z","ClientProcessId":"9780","EventReceivedTime":"2025-02-22 09:35:51","SourceModuleName":"in","SourceModuleType":"im_msvistalog"}#015
2025-02-22T17:35:51.681038+00:00 10.10.10.50  {"EventTime":"2025-02-22 09:35:50","Hostname":"DESKTOP-RKJA15K","Keywords":-9214364837600034816,"EventType":"AUDIT_SUCCESS","SeverityValue":2,"Severity":"INFO","EventID":5379,"SourceName":"Microsoft-Windows-Security-Auditing","ProviderGuid":"{54849625-5478-4994-A5BA-3E3B0328C30D}","Version":0,"Task":13824,"OpcodeValue":0,"RecordNumber":35965,"ActivityID":"{CA42BD29-84AF-0002-F9BD-42CAAF84DB01}","ProcessID":600,"ThreadID":9200,"Channel":"Security","Message":"Credential Manager credentials were read.\r\n\r\nSubject:\r\n\tSecurity ID:\t\tS-1-5-18\r\n\tAccount Name:\t\tDESKTOP-RKJA15K$\r\n\tAccount Domain:\t\tWORKGROUP\r\n\tLogon ID:\t\t0x3E7\r\n\tRead Operation:\t\tEnumerate Credentials\r\n\r\nThis event occurs when a user performs a read operation on stored credentials in Credential Manager.","Category":"Logon","Opcode":"Info","SubjectUserSid":"S-1-5-18","SubjectUserName":"DESKTOP-RKJA15K$","SubjectDomainName":"WORKGROUP","SubjectLogonId":"0x3e7","TargetName":"WindowsLive:target=virtualapp/didlogical","Type":"0","CountOfCredentialsReturned":"1","ReadOperation":"%%8100","ReturnCode":"0","ProcessCreationTime":"2025-02-22T17:35:50.0593109Z","ClientProcessId":"9780","EventReceivedTime":"2025-02-22 09:35:51","SourceModuleName":"in","SourceModuleType":"im_msvistalog"}#015
2025-02-22T17:35:51.683516+00:00 10.10.10.50  {"EventTime":"2025-02-22 09:35:50","Hostname":"DESKTOP-RKJA15K","Keywords":-9214364837600034816,"EventType":"AUDIT_SUCCESS","SeverityValue":2,"Severity":"INFO","EventID":5379,"SourceName":"Microsoft-Windows-Security-Auditing","ProviderGuid":"{54849625-5478-4994-A5BA-3E3B0328C30D}","Version":0,"Task":13824,"OpcodeValue":0,"RecordNumber":35966,"ActivityID":"{CA42BD29-84AF-0002-F9BD-42CAAF84DB01}","ProcessID":600,"ThreadID":9200,"Channel":"Security","Message":"Credential Manager credentials were read.\r\n\r\nSubject:\r\n\tSecurity ID:\t\tS-1-5-21-562782117-3786257529-2867160909-1001\r\n\tAccount Name:\t\tRobot\r\n\tAccount Domain:\t\tDESKTOP-RKJA15K\r\n\tLogon ID:\t\t0x37B65\r\n\tRead Operation:\t\tEnumerate Credentials\r\n\r\nThis event occurs when a user performs a read operation on stored credentials in Credential Manager.","Category":"Logon","Opcode":"Info","SubjectUserSid":"S-1-5-21-562782117-3786257529-2867160909-1001","SubjectUserName":"Robot","SubjectDomainName":"DESKTOP-RKJA15K","SubjectLogonId":"0x37b65","TargetName":"WindowsLive:(token):name=02ymrxdhtfyotqbi;serviceuri=*","Type":"0","CountOfCredentialsReturned":"0","ReadOperation":"%%8100","ReturnCode":"3221226021","ProcessCreationTime":"2025-02-22T17:35:50.0593109Z","ClientProcessId":"9780","EventReceivedTime":"2025-02-22 09:35:51","SourceModuleName":"in","SourceModuleType":"im_msvistalog"}#015
2025-02-22T17:35:51.683516+00:00 10.10.10.50  {"EventTime":"2025-02-22 09:35:50","Hostname":"DESKTOP-RKJA15K","Keywords":-9214364837600034816,"EventType":"AUDIT_SUCCESS","SeverityValue":2,"Severity":"INFO","EventID":5379,"SourceName":"Microsoft-Windows-Security-Auditing","ProviderGuid":"{54849625-5478-4994-A5BA-3E3B0328C30D}","Version":0,"Task":13824,"OpcodeValue":0,"RecordNumber":35967,"ActivityID":"{CA42BD29-84AF-0002-F9BD-42CAAF84DB01}","ProcessID":600,"ThreadID":9200,"Channel":"Security","Message":"Credential Manager credentials were read.\r\n\r\nSubject:\r\n\tSecurity ID:\t\tS-1-5-21-562782117-3786257529-2867160909-1001\r\n\tAccount Name:\t\tRobot\r\n\tAccount Domain:\t\tDESKTOP-RKJA15K\r\n\tLogon ID:\t\t0x37B65\r\n\tRead Operation:\t\tEnumerate Credentials\r\n\r\nThis event occurs when a user performs a read operation on stored credentials in Credential Manager.","Category":"Logon","Opcode":"Info","SubjectUserSid":"S-1-5-21-562782117-3786257529-2867160909-1001","SubjectUserName":"Robot","SubjectDomainName":"DESKTOP-RKJA15K","SubjectLogonId":"0x37b65","TargetName":"WindowsLive:(cert):name=02ymrxdhtfyotqbi;serviceuri=*","Type":"0","CountOfCredentialsReturned":"0","ReadOperation":"%%8100","ReturnCode":"3221226021","ProcessCreationTime":"2025-02-22T17:35:50.0593109Z","ClientProcessId":"9780","EventReceivedTime":"2025-02-22 09:35:51","SourceModuleName":"in","SourceModuleType":"im_msvistalog"}#015
2025-02-22T17:35:51.683516+00:00 10.10.10.50  {"EventTime":"2025-02-22 09:35:50","Hostname":"DESKTOP-RKJA15K","Keywords":-9214364837600034816,"EventType":"AUDIT_SUCCESS","SeverityValue":2,"Severity":"INFO","EventID":5379,"SourceName":"Microsoft-Windows-Security-Auditing","ProviderGuid":"{54849625-5478-4994-A5BA-3E3B0328C30D}","Version":0,"Task":13824,"OpcodeValue":0,"RecordNumber":35968,"ActivityID":"{CA42BD29-84AF-0002-F9BD-42CAAF84DB01}","ProcessID":600,"ThreadID":9200,"Channel":"Security","Message":"Credential Manager credentials were read.\r\n\r\nSubject:\r\n\tSecurity ID:\t\tS-1-5-21-562782117-3786257529-2867160909-1001\r\n\tAccount Name:\t\tRobot\r\n\tAccount Domain:\t\tDESKTOP-RKJA15K\r\n\tLogon ID:\t\t0x37B65\r\n\tRead Operation:\t\tEnumerate Credentials\r\n\r\nThis event occurs when a user performs a read operation on stored credentials in Credential Manager.","Category":"Logon","Opcode":"Info","SubjectUserSid":"S-1-5-21-562782117-3786257529-2867160909-1001","SubjectUserName":"Robot","SubjectDomainName":"DESKTOP-RKJA15K","SubjectLogonId":"0x37b65","TargetName":"WindowsLive:target=virtualapp/didlogical","Type":"0","CountOfCredentialsReturned":"1","ReadOperation":"%%8100","ReturnCode":"0","ProcessCreationTime":"2025-02-22T17:35:50.0593109Z","ClientProcessId":"9780","EventReceivedTime":"2025-02-22 09:35:51","SourceModuleName":"in","SourceModuleType":"im_msvistalog"}#015
2025-02-22T17:35:52.696393+00:00 10.10.10.50  {"EventTime":"2025-02-22 09:35:51","Hostname":"DESKTOP-RKJA15K","Keywords":-9214364837600034816,"EventType":"AUDIT_SUCCESS","SeverityValue":2,"Severity":"INFO","EventID":4797,"SourceName":"Microsoft-Windows-Security-Auditing","ProviderGuid":"{54849625-5478-4994-A5BA-3E3B0328C30D}","Version":0,"Task":13824,"OpcodeValue":0,"RecordNumber":35969,"ActivityID":"{CA42BD29-84AF-0002-F9BD-42CAAF84DB01}","ProcessID":600,"ThreadID":1096,"Channel":"Security","Message":"An attempt was made to query the existence of a blank password for an account.\r\n\r\nSubject:\r\n\tSecurity ID:\t\tS-1-5-21-562782117-3786257529-2867160909-1001\r\n\tAccount Name:\t\tRobot\r\n\tAccount Domain:\t\tDESKTOP-RKJA15K\r\n\tLogon ID:\t\t0x37B65\r\n\r\nAdditional Information:\r\n\tCaller Workstation:\tDESKTOP-RKJA15K\r\n\tTarget Account Name:\tAdministrator\r\n\tTarget Account Domain:\tDESKTOP-RKJA15K","Category":"Logon","Opcode":"Info","SubjectUserSid":"S-1-5-21-562782117-3786257529-2867160909-1001","SubjectUserName":"Robot","SubjectDomainName":"DESKTOP-RKJA15K","SubjectLogonId":"0x37b65","Workstation":"DESKTOP-RKJA15K","TargetUserName":"Administrator","TargetDomainName":"DESKTOP-RKJA15K","EventReceivedTime":"2025-02-22 09:35:52","SourceModuleName":"in","SourceModuleType":"im_msvistalog"}#015
2025-02-22T17:35:52.699356+00:00 10.10.10.50  {"EventTime":"2025-02-22 09:35:51","Hostname":"DESKTOP-RKJA15K","Keywords":-9214364837600034816,"EventType":"AUDIT_SUCCESS","SeverityValue":2,"Severity":"INFO","EventID":4797,"SourceName":"Microsoft-Windows-Security-Auditing","ProviderGuid":"{54849625-5478-4994-A5BA-3E3B0328C30D}","Version":0,"Task":13824,"OpcodeValue":0,"RecordNumber":35970,"ActivityID":"{CA42BD29-84AF-0002-F9BD-42CAAF84DB01}","ProcessID":600,"ThreadID":1096,"Channel":"Security","Message":"An attempt was made to query the existence of a blank password for an account.\r\n\r\nSubject:\r\n\tSecurity ID:\t\tS-1-5-21-562782117-3786257529-2867160909-1001\r\n\tAccount Name:\t\tRobot\r\n\tAccount Domain:\t\tDESKTOP-RKJA15K\r\n\tLogon ID:\t\t0x37B65\r\n\r\nAdditional Information:\r\n\tCaller Workstation:\tDESKTOP-RKJA15K\r\n\tTarget Account Name:\tDefaultAccount\r\n\tTarget Account Domain:\tDESKTOP-RKJA15K","Category":"Logon","Opcode":"Info","SubjectUserSid":"S-1-5-21-562782117-3786257529-2867160909-1001","SubjectUserName":"Robot","SubjectDomainName":"DESKTOP-RKJA15K","SubjectLogonId":"0x37b65","Workstation":"DESKTOP-RKJA15K","TargetUserName":"DefaultAccount","TargetDomainName":"DESKTOP-RKJA15K","EventReceivedTime":"2025-02-22 09:35:52","SourceModuleName":"in","SourceModuleType":"im_msvistalog"}#015
2025-02-22T17:35:52.699634+00:00 10.10.10.50  {"EventTime":"2025-02-22 09:35:51","Hostname":"DESKTOP-RKJA15K","Keywords":-9214364837600034816,"EventType":"AUDIT_SUCCESS","SeverityValue":2,"Severity":"INFO","EventID":4797,"SourceName":"Microsoft-Windows-Security-Auditing","ProviderGuid":"{54849625-5478-4994-A5BA-3E3B0328C30D}","Version":0,"Task":13824,"OpcodeValue":0,"RecordNumber":35971,"ActivityID":"{CA42BD29-84AF-0002-F9BD-42CAAF84DB01}","ProcessID":600,"ThreadID":1096,"Channel":"Security","Message":"An attempt was made to query the existence of a blank password for an account.\r\n\r\nSubject:\r\n\tSecurity ID:\t\tS-1-5-21-562782117-3786257529-2867160909-1001\r\n\tAccount Name:\t\tRobot\r\n\tAccount Domain:\t\tDESKTOP-RKJA15K\r\n\tLogon ID:\t\t0x37B65\r\n\r\nAdditional Information:\r\n\tCaller Workstation:\tDESKTOP-RKJA15K\r\n\tTarget Account Name:\tdoris\r\n\tTarget Account Domain:\tDESKTOP-RKJA15K","Category":"Logon","Opcode":"Info","SubjectUserSid":"S-1-5-21-562782117-3786257529-2867160909-1001","SubjectUserName":"Robot","SubjectDomainName":"DESKTOP-RKJA15K","SubjectLogonId":"0x37b65","Workstation":"DESKTOP-RKJA15K","TargetUserName":"doris","TargetDomainName":"DESKTOP-RKJA15K","EventReceivedTime":"2025-02-22 09:35:52","SourceModuleName":"in","SourceModuleType":"im_msvistalog"}#015
2025-02-22T17:35:52.699634+00:00 10.10.10.50  {"EventTime":"2025-02-22 09:35:51","Hostname":"DESKTOP-RKJA15K","Keywords":-9214364837600034816,"EventType":"AUDIT_SUCCESS","SeverityValue":2,"Severity":"INFO","EventID":4797,"SourceName":"Microsoft-Windows-Security-Auditing","ProviderGuid":"{54849625-5478-4994-A5BA-3E3B0328C30D}","Version":0,"Task":13824,"OpcodeValue":0,"RecordNumber":35972,"ActivityID":"{CA42BD29-84AF-0002-F9BD-42CAAF84DB01}","ProcessID":600,"ThreadID":1096,"Channel":"Security","Message":"An attempt was made to query the existence of a blank password for an account.\r\n\r\nSubject:\r\n\tSecurity ID:\t\tS-1-5-21-562782117-3786257529-2867160909-1001\r\n\tAccount Name:\t\tRobot\r\n\tAccount Domain:\t\tDESKTOP-RKJA15K\r\n\tLogon ID:\t\t0x37B65\r\n\r\nAdditional Information:\r\n\tCaller Workstation:\tDESKTOP-RKJA15K\r\n\tTarget Account Name:\tGuest\r\n\tTarget Account Domain:\tDESKTOP-RKJA15K","Category":"Logon","Opcode":"Info","SubjectUserSid":"S-1-5-21-562782117-3786257529-2867160909-1001","SubjectUserName":"Robot","SubjectDomainName":"DESKTOP-RKJA15K","SubjectLogonId":"0x37b65","Workstation":"DESKTOP-RKJA15K","TargetUserName":"Guest","TargetDomainName":"DESKTOP-RKJA15K","EventReceivedTime":"2025-02-22 09:35:52","SourceModuleName":"in","SourceModuleType":"im_msvistalog"}#015
2025-02-22T17:35:52.699793+00:00 10.10.10.50  {"EventTime":"2025-02-22 09:35:51","Hostname":"DESKTOP-RKJA15K","Keywords":-9214364837600034816,"EventType":"AUDIT_SUCCESS","SeverityValue":2,"Severity":"INFO","EventID":4797,"SourceName":"Microsoft-Windows-Security-Auditing","ProviderGuid":"{54849625-5478-4994-A5BA-3E3B0328C30D}","Version":0,"Task":13824,"OpcodeValue":0,"RecordNumber":35973,"ActivityID":"{CA42BD29-84AF-0002-F9BD-42CAAF84DB01}","ProcessID":600,"ThreadID":1096,"Channel":"Security","Message":"An attempt was made to query the existence of a blank password for an account.\r\n\r\nSubject:\r\n\tSecurity ID:\t\tS-1-5-21-562782117-3786257529-2867160909-1001\r\n\tAccount Name:\t\tRobot\r\n\tAccount Domain:\t\tDESKTOP-RKJA15K\r\n\tLogon ID:\t\t0x37B65\r\n\r\nAdditional Information:\r\n\tCaller Workstation:\tDESKTOP-RKJA15K\r\n\tTarget Account Name:\tWDAGUtilityAccount\r\n\tTarget Account Domain:\tDESKTOP-RKJA15K","Category":"Logon","Opcode":"Info","SubjectUserSid":"S-1-5-21-562782117-3786257529-2867160909-1001","SubjectUserName":"Robot","SubjectDomainName":"DESKTOP-RKJA15K","SubjectLogonId":"0x37b65","Workstation":"DESKTOP-RKJA15K","TargetUserName":"WDAGUtilityAccount","TargetDomainName":"DESKTOP-RKJA15K","EventReceivedTime":"2025-02-22 09:35:52","SourceModuleName":"in","SourceModuleType":"im_msvistalog"}#015
2025-02-22T17:35:52.702160+00:00 10.10.10.50  {"EventTime":"2025-02-22 09:35:51","Hostname":"DESKTOP-RKJA15K","Keywords":-9214364837600034816,"EventType":"AUDIT_SUCCESS","SeverityValue":2,"Severity":"INFO","EventID":4797,"SourceName":"Microsoft-Windows-Security-Auditing","ProviderGuid":"{54849625-5478-4994-A5BA-3E3B0328C30D}","Version":0,"Task":13824,"OpcodeValue":0,"RecordNumber":35974,"ActivityID":"{CA42BD29-84AF-0002-F9BD-42CAAF84DB01}","ProcessID":600,"ThreadID":1096,"Channel":"Security","Message":"An attempt was made to query the existence of a blank password for an account.\r\n\r\nSubject:\r\n\tSecurity ID:\t\tS-1-5-21-562782117-3786257529-2867160909-1001\r\n\tAccount Name:\t\tRobot\r\n\tAccount Domain:\t\tDESKTOP-RKJA15K\r\n\tLogon ID:\t\t0x37B65\r\n\r\nAdditional Information:\r\n\tCaller Workstation:\tDESKTOP-RKJA15K\r\n\tTarget Account Name:\tAdministrator\r\n\tTarget Account Domain:\tDESKTOP-RKJA15K","Category":"Logon","Opcode":"Info","SubjectUserSid":"S-1-5-21-562782117-3786257529-2867160909-1001","SubjectUserName":"Robot","SubjectDomainName":"DESKTOP-RKJA15K","SubjectLogonId":"0x37b65","Workstation":"DESKTOP-RKJA15K","TargetUserName":"Administrator","TargetDomainName":"DESKTOP-RKJA15K","EventReceivedTime":"2025-02-22 09:35:52","SourceModuleName":"in","SourceModuleType":"im_msvistalog"}#015
2025-02-22T17:35:52.702160+00:00 10.10.10.50  {"EventTime":"2025-02-22 09:35:51","Hostname":"DESKTOP-RKJA15K","Keywords":-9214364837600034816,"EventType":"AUDIT_SUCCESS","SeverityValue":2,"Severity":"INFO","EventID":4797,"SourceName":"Microsoft-Windows-Security-Auditing","ProviderGuid":"{54849625-5478-4994-A5BA-3E3B0328C30D}","Version":0,"Task":13824,"OpcodeValue":0,"RecordNumber":35975,"ActivityID":"{CA42BD29-84AF-0002-F9BD-42CAAF84DB01}","ProcessID":600,"ThreadID":1096,"Channel":"Security","Message":"An attempt was made to query the existence of a blank password for an account.\r\n\r\nSubject:\r\n\tSecurity ID:\t\tS-1-5-21-562782117-3786257529-2867160909-1001\r\n\tAccount Name:\t\tRobot\r\n\tAccount Domain:\t\tDESKTOP-RKJA15K\r\n\tLogon ID:\t\t0x37B65\r\n\r\nAdditional Information:\r\n\tCaller Workstation:\tDESKTOP-RKJA15K\r\n\tTarget Account Name:\tDefaultAccount\r\n\tTarget Account Domain:\tDESKTOP-RKJA15K","Category":"Logon","Opcode":"Info","SubjectUserSid":"S-1-5-21-562782117-3786257529-2867160909-1001","SubjectUserName":"Robot","SubjectDomainName":"DESKTOP-RKJA15K","SubjectLogonId":"0x37b65","Workstation":"DESKTOP-RKJA15K","TargetUserName":"DefaultAccount","TargetDomainName":"DESKTOP-RKJA15K","EventReceivedTime":"2025-02-22 09:35:52","SourceModuleName":"in","SourceModuleType":"im_msvistalog"}#015
2025-02-22T17:35:52.705808+00:00 10.10.10.50  {"EventTime":"2025-02-22 09:35:51","Hostname":"DESKTOP-RKJA15K","Keywords":-9214364837600034816,"EventType":"AUDIT_SUCCESS","SeverityValue":2,"Severity":"INFO","EventID":4797,"SourceName":"Microsoft-Windows-Security-Auditing","ProviderGuid":"{54849625-5478-4994-A5BA-3E3B0328C30D}","Version":0,"Task":13824,"OpcodeValue":0,"RecordNumber":35976,"ActivityID":"{CA42BD29-84AF-0002-F9BD-42CAAF84DB01}","ProcessID":600,"ThreadID":1096,"Channel":"Security","Message":"An attempt was made to query the existence of a blank password for an account.\r\n\r\nSubject:\r\n\tSecurity ID:\t\tS-1-5-21-562782117-3786257529-2867160909-1001\r\n\tAccount Name:\t\tRobot\r\n\tAccount Domain:\t\tDESKTOP-RKJA15K\r\n\tLogon ID:\t\t0x37B65\r\n\r\nAdditional Information:\r\n\tCaller Workstation:\tDESKTOP-RKJA15K\r\n\tTarget Account Name:\tdoris\r\n\tTarget Account Domain:\tDESKTOP-RKJA15K","Category":"Logon","Opcode":"Info","SubjectUserSid":"S-1-5-21-562782117-3786257529-2867160909-1001","SubjectUserName":"Robot","SubjectDomainName":"DESKTOP-RKJA15K","SubjectLogonId":"0x37b65","Workstation":"DESKTOP-RKJA15K","TargetUserName":"doris","TargetDomainName":"DESKTOP-RKJA15K","EventReceivedTime":"2025-02-22 09:35:52","SourceModuleName":"in","SourceModuleType":"im_msvistalog"}#015
2025-02-22T17:35:52.706649+00:00 10.10.10.50  {"EventTime":"2025-02-22 09:35:51","Hostname":"DESKTOP-RKJA15K","Keywords":-9214364837600034816,"EventType":"AUDIT_SUCCESS","SeverityValue":2,"Severity":"INFO","EventID":4798,"SourceName":"Microsoft-Windows-Security-Auditing","ProviderGuid":"{54849625-5478-4994-A5BA-3E3B0328C30D}","Version":0,"Task":13824,"OpcodeValue":0,"RecordNumber":35977,"ActivityID":"{CA42BD29-84AF-0002-F9BD-42CAAF84DB01}","ProcessID":600,"ThreadID":1096,"Channel":"Security","Message":"A user's local group membership was enumerated.\r\n\r\nSubject:\r\n\tSecurity ID:\t\tS-1-5-21-562782117-3786257529-2867160909-1001\r\n\tAccount Name:\t\tRobot\r\n\tAccount Domain:\t\tDESKTOP-RKJA15K\r\n\tLogon ID:\t\t0x37B65\r\n\r\nUser:\r\n\tSecurity ID:\t\tS-1-5-21-562782117-3786257529-2867160909-1002\r\n\tAccount Name:\t\tdoris\r\n\tAccount Domain:\t\tDESKTOP-RKJA15K\r\n\r\nProcess Information:\r\n\tProcess ID:\t\t0x1d30\r\n\tProcess Name:\t\tC:\\Windows\\System32\\RuntimeBroker.exe","Category":"Logon","Opcode":"Info","TargetUserName":"doris","TargetDomainName":"DESKTOP-RKJA15K","TargetSid":"S-1-5-21-562782117-3786257529-2867160909-1002","SubjectUserSid":"S-1-5-21-562782117-3786257529-2867160909-1001","SubjectUserName":"Robot","SubjectDomainName":"DESKTOP-RKJA15K","SubjectLogonId":"0x37b65","CallerProcessId":"0x1d30","CallerProcessName":"C:\\Windows\\System32\\RuntimeBroker.exe","EventReceivedTime":"2025-02-22 09:35:52","SourceModuleName":"in","SourceModuleType":"im_msvistalog"}#015
2025-02-22T17:35:52.707390+00:00 10.10.10.50  {"EventTime":"2025-02-22 09:35:51","Hostname":"DESKTOP-RKJA15K","Keywords":-9214364837600034816,"EventType":"AUDIT_SUCCESS","SeverityValue":2,"Severity":"INFO","EventID":4798,"SourceName":"Microsoft-Windows-Security-Auditing","ProviderGuid":"{54849625-5478-4994-A5BA-3E3B0328C30D}","Version":0,"Task":13824,"OpcodeValue":0,"RecordNumber":35978,"ActivityID":"{CA42BD29-84AF-0002-F9BD-42CAAF84DB01}","ProcessID":600,"ThreadID":1096,"Channel":"Security","Message":"A user's local group membership was enumerated.\r\n\r\nSubject:\r\n\tSecurity ID:\t\tS-1-5-21-562782117-3786257529-2867160909-1001\r\n\tAccount Name:\t\tRobot\r\n\tAccount Domain:\t\tDESKTOP-RKJA15K\r\n\tLogon ID:\t\t0x37B65\r\n\r\nUser:\r\n\tSecurity ID:\t\tS-1-5-21-562782117-3786257529-2867160909-1001\r\n\tAccount Name:\t\tRobot\r\n\tAccount Domain:\t\tDESKTOP-RKJA15K\r\n\r\nProcess Information:\r\n\tProcess ID:\t\t0x1d30\r\n\tProcess Name:\t\tC:\\Windows\\System32\\RuntimeBroker.exe","Category":"Logon","Opcode":"Info","TargetUserName":"Robot","TargetDomainName":"DESKTOP-RKJA15K","TargetSid":"S-1-5-21-562782117-3786257529-2867160909-1001","SubjectUserSid":"S-1-5-21-562782117-3786257529-2867160909-1001","SubjectUserName":"Robot","SubjectDomainName":"DESKTOP-RKJA15K","SubjectLogonId":"0x37b65","CallerProcessId":"0x1d30","CallerProcessName":"C:\\Windows\\System32\\RuntimeBroker.exe","EventReceivedTime":"2025-02-22 09:35:52","SourceModuleName":"in","SourceModuleType":"im_msvistalog"}#015
2025-02-22T17:35:52.708657+00:00 10.10.10.50  {"EventTime":"2025-02-22 09:35:51","Hostname":"DESKTOP-RKJA15K","Keywords":-9214364837600034816,"EventType":"AUDIT_SUCCESS","SeverityValue":2,"Severity":"INFO","EventID":4797,"SourceName":"Microsoft-Windows-Security-Auditing","ProviderGuid":"{54849625-5478-4994-A5BA-3E3B0328C30D}","Version":0,"Task":13824,"OpcodeValue":0,"RecordNumber":35979,"ActivityID":"{CA42BD29-84AF-0002-F9BD-42CAAF84DB01}","ProcessID":600,"ThreadID":9200,"Channel":"Security","Message":"An attempt was made to query the existence of a blank password for an account.\r\n\r\nSubject:\r\n\tSecurity ID:\t\tS-1-5-21-562782117-3786257529-2867160909-1001\r\n\tAccount Name:\t\tRobot\r\n\tAccount Domain:\t\tDESKTOP-RKJA15K\r\n\tLogon ID:\t\t0x37B65\r\n\r\nAdditional Information:\r\n\tCaller Workstation:\tDESKTOP-RKJA15K\r\n\tTarget Account Name:\tWDAGUtilityAccount\r\n\tTarget Account Domain:\tDESKTOP-RKJA15K","Category":"Logon","Opcode":"Info","SubjectUserSid":"S-1-5-21-562782117-3786257529-2867160909-1001","SubjectUserName":"Robot","SubjectDomainName":"DESKTOP-RKJA15K","SubjectLogonId":"0x37b65","Workstation":"DESKTOP-RKJA15K","TargetUserName":"WDAGUtilityAccount","TargetDomainName":"DESKTOP-RKJA15K","EventReceivedTime":"2025-02-22 09:35:52","SourceModuleName":"in","SourceModuleType":"im_msvistalog"}#015
2025-02-22T17:35:52.709988+00:00 10.10.10.50  {"EventTime":"2025-02-22 09:35:51","Hostname":"DESKTOP-RKJA15K","Keywords":-9214364837600034816,"EventType":"AUDIT_SUCCESS","SeverityValue":2,"Severity":"INFO","EventID":4797,"SourceName":"Microsoft-Windows-Security-Auditing","ProviderGuid":"{54849625-5478-4994-A5BA-3E3B0328C30D}","Version":0,"Task":13824,"OpcodeValue":0,"RecordNumber":35980,"ActivityID":"{CA42BD29-84AF-0002-F9BD-42CAAF84DB01}","ProcessID":600,"ThreadID":9200,"Channel":"Security","Message":"An attempt was made to query the existence of a blank password for an account.\r\n\r\nSubject:\r\n\tSecurity ID:\t\tS-1-5-21-562782117-3786257529-2867160909-1001\r\n\tAccount Name:\t\tRobot\r\n\tAccount Domain:\t\tDESKTOP-RKJA15K\r\n\tLogon ID:\t\t0x37B65\r\n\r\nAdditional Information:\r\n\tCaller Workstation:\tDESKTOP-RKJA15K\r\n\tTarget Account Name:\tGuest\r\n\tTarget Account Domain:\tDESKTOP-RKJA15K","Category":"Logon","Opcode":"Info","SubjectUserSid":"S-1-5-21-562782117-3786257529-2867160909-1001","SubjectUserName":"Robot","SubjectDomainName":"DESKTOP-RKJA15K","SubjectLogonId":"0x37b65","Workstation":"DESKTOP-RKJA15K","TargetUserName":"Guest","TargetDomainName":"DESKTOP-RKJA15K","EventReceivedTime":"2025-02-22 09:35:52","SourceModuleName":"in","SourceModuleType":"im_msvistalog"}#015
