2025-02-22T17:35:52.713141+00:00 10.10.10.50  {"EventTime":"2025-02-22 09:35:51","Hostname":"DESKTOP-RKJA15K","Keywords":-9214364837600034816,"EventType":"AUDIT_SUCCESS","SeverityValue":2,"Severity":"INFO","EventID":4798,"SourceName":"Microsoft-Windows-Security-Auditing","ProviderGuid":"{54849625-5478-4994-A5BA-3E3B0328C30D}","Version":0,"Task":13824,"OpcodeValue":0,"RecordNumber":35981,"ActivityID":"{CA42BD29-84AF-0002-F9BD-42CAAF84DB01}","ProcessID":600,"ThreadID":9200,"Channel":"Security","Message":"A user's local group membership was enumerated.\r\n\r\nSubject:\r\n\tSecurity ID:\t\tS-1-5-21-562782117-3786257529-2867160909-1001\r\n\tAccount Name:\t\tRobot\r\n\tAccount Domain:\t\tDESKTOP-RKJA15K\r\n\tLogon ID:\t\t0x37B65\r\n\r\nUser:\r\n\tSecurity ID:\t\tS-1-5-21-562782117-3786257529-2867160909-501\r\n\tAccount Name:\t\tGuest\r\n\tAccount Domain:\t\tDESKTOP-RKJA15K\r\n\r\nProcess Information:\r\n\tProcess ID:\t\t0x1d30\r\n\tProcess Name:\t\tC:\\Windows\\System32\\RuntimeBroker.exe","Category":"Logon","Opcode":"Info","TargetUserName":"Guest","TargetDomainName":"DESKTOP-RKJA15K","TargetSid":"S-1-5-21-562782117-3786257529-2867160909-501","SubjectUserSid":"S-1-5-21-562782117-3786257529-2867160909-1001","SubjectUserName":"Robot","SubjectDomainName":"DESKTOP-RKJA15K","SubjectLogonId":"0x37b65","CallerProcessId":"0x1d30","CallerProcessName":"C:\\Windows\\System32\\RuntimeBroker.exe","EventReceivedTime":"2025-02-22 09:35:52","SourceModuleName":"in","SourceModuleType":"im_msvistalog"}#015
2025-02-22T17:35:52.833752+00:00 10.10.10.50  {"EventTime":"2025-02-22 09:35:52","Hostname":"DESKTOP-RKJA15K","Keywords":36028797018963968,"EventType":"INFO","SeverityValue":2,"Severity":"INFO","EventID":0,"SourceName":"OneApp_IGCC_WinService","Version":0,"Task":0,"OpcodeValue":0,"RecordNumber":126,"ProcessID":4288,"ThreadID":0,"Channel":"OneApp_IGCC","Message":"In OnSessionChange: Reason: ConsoleDisconnect","Category":"None","Opcode":"Info","EventReceivedTime":"2025-02-22 09:35:52","SourceModuleName":"in","SourceModuleType":"im_msvistalog"}#015
2025-02-22T17:35:53.800853+00:00 10.10.10.50  {"EventTime":"2025-02-22 09:35:52","Hostname":"DESKTOP-RKJA15K","Keywords":36028797018963968,"EventType":"INFO","SeverityValue":2,"Severity":"INFO","EventID":0,"SourceName":"OneApp_IGCC_WinService","Version":0,"Task":0,"OpcodeValue":0,"RecordNumber":127,"ProcessID":4288,"ThreadID":0,"Channel":"OneApp_IGCC","Message":"In OnSessionChange: Reason: ConsoleConnect","Category":"None","Opcode":"Info","EventReceivedTime":"2025-02-22 09:35:53","SourceModuleName":"in","SourceModuleType":"im_msvistalog"}#015
2025-02-22T17:35:53.801012+00:00 10.10.10.50  {"EventTime":"2025-02-22 09:35:52","Hostname":"DESKTOP-RKJA15K","Keywords":4611686018695823360,"EventType":"WARNING","SeverityValue":3,"Severity":"WARNING","EventID":1014,"SourceName":"Microsoft-Windows-DNS-Client","ProviderGuid":"{1C95126E-7EEA-49A9-A3FE-A378B03DDB4D}","Version":1,"Task":1014,"OpcodeValue":0,"RecordNumber":3906,"ProcessID":2544,"ThreadID":9876,"Channel":"System","Domain":"NT AUTHORITY","AccountName":"NETWORK SERVICE","UserID":"S-1-5-20","AccountType":"Well Known Group","Message":"Name resolution for the name wpad timed out after none of the configured DNS servers responded. Client PID 10204.","Opcode":"Info","QueryName":"wpad","AddressLength":"128","Address":"020000000A400001000000000000000000000000000000000000000000000000000000000000000000000000000000000000000000000000000000000000000000000000000000000000000000000000000000000000000000000000000000000000000000000000000000000000000000000000000000000000000000000000","ClientPID":"10204","EventReceivedTime":"2025-02-22 09:35:53","SourceModuleName":"in","SourceModuleType":"im_msvistalog"}#015
2025-02-22T17:35:53.801012+00:00 10.10.10.50  {"EventTime":"2025-02-22 09:35:52","Hostname":"DESKTOP-RKJA15K","Keywords":1152921504606846976,"EventType":"INFO","SeverityValue":2,"Severity":"INFO","EventID":39,"SourceName":"Microsoft-Windows-TerminalServices-LocalSessionManager","ProviderGuid":"{5D896912-022D-40AA-A3A8-4FA5515C76D7}","Version":0,"Task":0,"OpcodeValue":0,"RecordNumber":150,"ProcessID":1324,"ThreadID":8120,"Channel":"Microsoft-Windows-TerminalServices-LocalSessionManager/Operational","Domain":"NT AUTHORITY","AccountName":"SYSTEM","UserID":"S-1-5-18","AccountType":"User","Message":"Session 1 has been disconnected by session 1","Opcode":"Info","EventReceivedTime":"2025-02-22 09:35:53","SourceModuleName":"in","SourceModuleType":"im_msvistalog"}#015
2025-02-22T17:35:53.801194+00:00 10.10.10.50  {"EventTime":"2025-02-22 09:35:52","Hostname":"DESKTOP-RKJA15K","Keywords":1152921504606846976,"EventType":"INFO","SeverityValue":2,"Severity":"INFO","EventID":40,"SourceName":"Microsoft-Windows-TerminalServices-LocalSessionManager","ProviderGuid":"{5D896912-022D-40AA-A3A8-4FA5515C76D7}","Version":0,"Task":0,"OpcodeValue":0,"RecordNumber":151,"ProcessID":1324,"ThreadID":8120,"Channel":"Microsoft-Windows-TerminalServices-LocalSessionManager/Operational","Domain":"NT AUTHORITY","AccountName":"SYSTEM","UserID":"S-1-5-18","AccountType":"User","Message":"Session 1 has been disconnected, reason code 11","Opcode":"Info","EventReceivedTime":"2025-02-22 09:35:53","SourceModuleName":"in","SourceModuleType":"im_msvistalog"}#015
2025-02-22T17:35:53.801194+00:00 10.10.10.50  {"EventTime":"2025-02-22 09:35:52","Hostname":"DESKTOP-RKJA15K","Keywords":1152921504606846976,"EventType":"INFO","SeverityValue":2,"Severity":"INFO","EventID":24,"SourceName":"Microsoft-Windows-TerminalServices-LocalSessionManager","ProviderGuid":"{5D896912-022D-40AA-A3A8-4FA5515C76D7}","Version":0,"Task":0,"OpcodeValue":0,"RecordNumber":152,"ProcessID":1324,"ThreadID":8120,"Channel":"Microsoft-Windows-TerminalServices-LocalSessionManager/Operational","Domain":"NT AUTHORITY","AccountName":"SYSTEM","UserID":"S-1-5-18","AccountType":"User","Message":"Remote Desktop Services: Session has been disconnected:\r\n\r\nUser: DESKTOP-RKJA15K\\Robot\r\nSession ID: 1\r\nSource Network Address: LOCAL","Opcode":"Info","EventReceivedTime":"2025-02-22 09:35:53","SourceModuleName":"in","SourceModuleType":"im_msvistalog"}#015
2025-02-22T17:35:53.801418+00:00 10.10.10.50  {"EventTime":"2025-02-22 09:35:52","Hostname":"DESKTOP-RKJA15K","Keywords":-9223372036854775776,"EventType":"INFO","SeverityValue":2,"Severity":"INFO","EventID":1006,"SourceName":"Microsoft-Windows-Wcmsvc","ProviderGuid":"{67D07935-283A-4791-8F8D-FA9117F3E6F2}","Version":0,"Task":0,"OpcodeValue":0,"RecordNumber":236,"ProcessID":3624,"ThreadID":3776,"Channel":"Microsoft-Windows-Wcmsvc/Operational","Domain":"NT AUTHORITY","AccountName":"LOCAL SERVICE","UserID":"S-1-5-19","AccountType":"Well Known Group","Message":"A Terminal Services session change was processed. \r\n\r\n Reason: A session was disconnected from the console terminal","Opcode":"Info","Reason":"2","EventReceivedTime":"2025-02-22 09:35:53","SourceModuleName":"in","SourceModuleType":"im_msvistalog"}#015
2025-02-22T17:35:53.801418+00:00 10.10.10.50  {"EventTime":"2025-02-22 09:35:52","Hostname":"DESKTOP-RKJA15K","Keywords":-9223372036850581504,"EventType":"INFO","SeverityValue":2,"Severity":"INFO","EventID":1262,"SourceName":"Microsoft-Windows-PushNotifications-Platform","ProviderGuid":"{88CD9180-4491-4640-B571-E3BEE2527943}","Version":0,"Task":0,"OpcodeValue":0,"RecordNumber":37521,"ActivityID":"{CA42BD29-84AF-0005-D5BE-42CAAF84DB01}","ProcessID":4692,"ThreadID":3276,"Channel":"Microsoft-Windows-PushNotification-Platform/Operational","Domain":"NT AUTHORITY","AccountName":"SYSTEM","UserID":"S-1-5-18","AccountType":"User","Message":"Removing existing user from the Windows Push Notification Service. 001800123F753DA8 [DeviceId] 17056889 [UserId] 2 [UserType].","Opcode":"Info","DeviceId":"001800123F753DA8","UserType":"2","EventReceivedTime":"2025-02-22 09:35:53","SourceModuleName":"in","SourceModuleType":"im_msvistalog"}#015
2025-02-22T17:35:53.802898+00:00 10.10.10.50  {"EventTime":"2025-02-22 09:35:52","Hostname":"DESKTOP-RKJA15K","Keywords":-9223372036749918208,"EventType":"VERBOSE","SeverityValue":1,"Severity":"DEBUG","EventID":1223,"SourceName":"Microsoft-Windows-PushNotifications-Platform","ProviderGuid":"{88CD9180-4491-4640-B571-E3BEE2527943}","Version":0,"Task":0,"OpcodeValue":0,"RecordNumber":37522,"ProcessID":4692,"ThreadID":3276,"Channel":"Microsoft-Windows-PushNotification-Platform/Operational","Domain":"NT AUTHORITY","AccountName":"SYSTEM","UserID":"S-1-5-18","AccountType":"User","Message":"WNP Transport Layer sent command: UBD, Trid: 7, Namespace: CON\\WNS 1044479, CV: ElOaY6RrdEqE0rhN.7 containing 29 bytes of payload: 0x436F6E746578743A20343532323037343336393365633732610D0A0D0A. IsLongRunning: Data Connection.","Opcode":"Info","Verb":"UBD","TrID":"7","Namespace":"CON\\WNS 1044479","CorrelationVector":"ElOaY6RrdEqE0rhN.7","Bytes":"29","Payload":"436F6E746578743A20343532323037343336393365633732610D0A0D0A","ConnectionType":"1","EventReceivedTime":"2025-02-22 09:35:53","SourceModuleName":"in","SourceModuleType":"im_msvistalog"}#015
2025-02-22T17:35:53.802898+00:00 10.10.10.50  {"EventTime":"2025-02-22 09:35:52","Hostname":"DESKTOP-RKJA15K","Keywords":-9223372036749918208,"EventType":"VERBOSE","SeverityValue":1,"Severity":"DEBUG","EventID":1267,"SourceName":"Microsoft-Windows-PushNotifications-Platform","ProviderGuid":"{88CD9180-4491-4640-B571-E3BEE2527943}","Version":0,"Task":0,"OpcodeValue":0,"RecordNumber":37523,"ProcessID":4692,"ThreadID":3276,"Channel":"Microsoft-Windows-PushNotification-Platform/Operational","Domain":"NT AUTHORITY","AccountName":"SYSTEM","UserID":"S-1-5-18","AccountType":"User","Message":"WNP Transport Layer sent command: UBD, Trid: 7, Namespace: CON\\WNS 1044479, CV: ElOaY6RrdEqE0rhN.7 containing 82 bytes of payload only. However, full payload including header is: 0x554244203720434F4E5C574E5320313034343437392035360D0A4D532D43563A20456C4F6159365272644571453072684E2E370D0A436F6E746578743A20343532323037343336393365633732610D0A0D0A. IsLongRunning: Data Connection.","Opcode":"Info","Verb":"UBD","TrID":"7","Namespace":"CON\\WNS 1044479","CorrelationVector":"ElOaY6RrdEqE0rhN.7","Bytes":"82","Payload":"554244203720434F4E5C574E5320313034343437392035360D0A4D532D43563A20456C4F6159365272644571453072684E2E370D0A436F6E746578743A20343532323037343336393365633732610D0A0D0A","ConnectionType":"1","EventReceivedTime":"2025-02-22 09:35:53","SourceModuleName":"in","SourceModuleType":"im_msvistalog"}#015
2025-02-22T17:35:53.804276+00:00 10.10.10.50  {"EventTime":"2025-02-22 09:35:52","Hostname":"DESKTOP-RKJA15K","Keywords":-9214364837600034816,"EventType":"AUDIT_SUCCESS","SeverityValue":2,"Severity":"INFO","EventID":4624,"SourceName":"Microsoft-Windows-Security-Auditing","ProviderGuid":"{54849625-5478-4994-A5BA-3E3B0328C30D}","Version":3,"Task":12544,"OpcodeValue":0,"RecordNumber":35982,"ActivityID":"{CA42BD29-84AF-0002-F9BD-42CAAF84DB01}","ProcessID":600,"ThreadID":9200,"Channel":"Security","Message":"An account was successfully logged on.\r\n\r\nSubject:\r\n\tSecurity ID:\t\tS-1-5-18\r\n\tAccount Name:\t\tDESKTOP-RKJA15K$\r\n\tAccount Domain:\t\tWORKGROUP\r\n\tLogon ID:\t\t0x3E7\r\n\r\nLogon Information:\r\n\tLogon Type:\t\t5\r\n\tRestricted Admin Mode:\t-\r\n\tRemote Credential Guard:\t-\r\n\tVirtual Account:\t\tNo\r\n\tElevated Token:\t\tYes\r\n\r\nImpersonation Level:\t\tImpersonation\r\n\r\nNew Logon:\r\n\tSecurity ID:\t\tS-1-5-18\r\n\tAccount Name:\t\tSYSTEM\r\n\tAccount Domain:\t\tNT AUTHORITY\r\n\tLogon ID:\t\t0x3E7\r\n\tLinked Logon ID:\t\t0x0\r\n\tNetwork Account Name:\t-\r\n\tNetwork Account Domain:\t-\r\n\tLogon GUID:\t\t{00000000-0000-0000-0000-000000000000}\r\n\r\nProcess Information:\r\n\tProcess ID:\t\t0x280\r\n\tProcess Name:\t\tC:\\Windows\\System32\\services.exe\r\n\r\nNetwork Information:\r\n\tWorkstation Name:\t-\r\n\tSource Network Address:\t-\r\n\tSource Port:\t\t-\r\n\r\nDetailed Authentication Information:\r\n\tLogon Process:\t\tAdvapi  \r\n\tAuthentication Package:\tNegotiate\r\n\tTransited Services:\t-\r\n\tPackage Name (NTLM only):\t-\r\n\tKey Length:\t\t0\r\n\r\nThis event is generated when a logon session is created. It is generated on the computer that was accessed.\r\n\r\nThe subject fields indicate the account on the local system which requested the logon. This is most commonly a service such as the Server service, or a local process such as Winlogon.exe or Services.exe.\r\n\r\nThe logon type field indicates the kind of logon that occurred. The most common types are 2 (interactive) and 3 (network).\r\n\r\nThe New Logon fields indicate the account for whom the new logon was created, i.e. the account that was logged on.\r\n\r\nThe network fields indicate where a remote logon request originated. Workstation name is not always available and may be left blank in some cases.\r\n\r\nThe impersonation level field indicates the extent to which a process in the logon session can impersonate.\r\n\r\nThe authentication information fields provide detailed information about this specific logon request.\r\n\t- Logon GUID is a unique identifier that can be used to correlate this event with a KDC event.\r\n\t- Transited services indicate which intermediate services have participated in this logon request.\r\n\t- Package name indicates which sub-protocol was used among the NTLM protocols.\r\n\t- Key length indicates the length of the generated session key. This will be 0 if no session key was requested.","Category":"Logon","Opcode":"Info","SubjectUserSid":"S-1-5-18","SubjectUserName":"DESKTOP-RKJA15K$","SubjectDomainName":"WORKGROUP","SubjectLogonId":"0x3e7","TargetUserSid":"S-1-5-18","TargetUserName":"SYSTEM","TargetDomainName":"NT AUTHORITY","TargetLogonId":"0x3e7","LogonType":"5","LogonProcessName":"Advapi  ","AuthenticationPackageName":"Negotiate","WorkstationName":"-","LogonGuid":"{00000000-0000-0000-0000-000000000000}","TransmittedServices":"-","LmPackageName":"-","KeyLength":"0","ProcessName":"C:\\Windows\\System32\\services.exe","IpAddress":"-","IpPort":"-","ImpersonationLevel":"%%1833","RestrictedAdminMode":"-","RemoteCredentialGuard":"-","TargetOutboundUserName":"-","TargetOutboundDomainName":"-","VirtualAccount":"%%1843","TargetLinkedLogonId":"0x0","ElevatedToken":"%%1842","EventReceivedTime":"2025-02-22 09:35:53","SourceModuleName":"in","SourceModuleType":"im_msvistalog"}#015
2025-02-22T17:35:53.804276+00:00 10.10.10.50  {"EventTime":"2025-02-22 09:35:52","Hostname":"DESKTOP-RKJA15K","Keywords":-9214364837600034816,"EventType":"AUDIT_SUCCESS","SeverityValue":2,"Severity":"INFO","EventID":4672,"SourceName":"Microsoft-Windows-Security-Auditing","ProviderGuid":"{54849625-5478-4994-A5BA-3E3B0328C30D}","Version":0,"Task":12548,"OpcodeValue":0,"RecordNumber":35983,"ActivityID":"{CA42BD29-84AF-0002-F9BD-42CAAF84DB01}","ProcessID":600,"ThreadID":9200,"Channel":"Security","Message":"Special privileges assigned to new logon.\r\n\r\nSubject:\r\n\tSecurity ID:\t\tS-1-5-18\r\n\tAccount Name:\t\tSYSTEM\r\n\tAccount Domain:\t\tNT AUTHORITY\r\n\tLogon ID:\t\t0x3E7\r\n\r\nPrivileges:\t\tSeAssignPrimaryTokenPrivilege\r\n\t\t\tSeTcbPrivilege\r\n\t\t\tSeSecurityPrivilege\r\n\t\t\tSeTakeOwnershipPrivilege\r\n\t\t\tSeLoadDriverPrivilege\r\n\t\t\tSeBackupPrivilege\r\n\t\t\tSeRestorePrivilege\r\n\t\t\tSeDebugPrivilege\r\n\t\t\tSeAuditPrivilege\r\n\t\t\tSeSystemEnvironmentPrivilege\r\n\t\t\tSeImpersonatePrivilege\r\n\t\t\tSeDelegateSessionUserImpersonatePrivilege","Category":"Logon","Opcode":"Info","SubjectUserSid":"S-1-5-18","SubjectUserName":"SYSTEM","SubjectDomainName":"NT AUTHORITY","SubjectLogonId":"0x3e7","PrivilegeList":"SeAssignPrimaryTokenPrivilege\r\n\t\t\tSeTcbPrivilege\r\n\t\t\tSeSecurityPrivilege\r\n\t\t\tSeTakeOwnershipPrivilege\r\n\t\t\tSeLoadDriverPrivilege\r\n\t\t\tSeBackupPrivilege\r\n\t\t\tSeRestorePrivilege\r\n\t\t\tSeDebugPrivilege\r\n\t\t\tSeAuditPrivilege\r\n\t\t\tSeSystemEnvironmentPrivilege\r\n\t\t\tSeImpersonatePrivilege\r\n\t\t\tSeDelegateSessionUserImpersonatePrivilege","EventReceivedTime":"2025-02-22 09:35:53","SourceModuleName":"in","SourceModuleType":"im_msvistalog"}#015
2025-02-22T17:35:53.872950+00:00 10.10.10.50  {"EventTime":"2025-02-22 09:35:52","Hostname":"DESKTOP-RKJA15K","Keywords":36028797018963968,"EventType":"INFO","SeverityValue":2,"Severity":"INFO","EventID":267,"SourceName":"Win32k","Version":0,"Task":0,"OpcodeValue":0,"RecordNumber":3907,"ProcessID":4,"ThreadID":8032,"Channel":"System","Message":"Touch/Touchpad Hardware Quality Assurance verification succeeded.","Category":"None","EventReceivedTime":"2025-02-22 09:35:53","SourceModuleName":"in","SourceModuleType":"im_msvistalog"}#015
2025-02-22T17:35:53.874936+00:00 10.10.10.50  {"EventTime":"2025-02-22 09:35:52","Hostname":"DESKTOP-RKJA15K","Keywords":36028797018963968,"EventType":"INFO","SeverityValue":2,"Severity":"INFO","EventID":267,"SourceName":"Win32k","Version":0,"Task":0,"OpcodeValue":0,"RecordNumber":3908,"ProcessID":4,"ThreadID":7992,"Channel":"System","Message":"Touch/Touchpad Hardware Quality Assurance verification succeeded.","Category":"None","EventReceivedTime":"2025-02-22 09:35:53","SourceModuleName":"in","SourceModuleType":"im_msvistalog"}#015
2025-02-22T17:35:53.874936+00:00 10.10.10.50  {"EventTime":"2025-02-22 09:35:52","Hostname":"DESKTOP-RKJA15K","Keywords":-9214364837600034816,"EventType":"AUDIT_SUCCESS","SeverityValue":2,"Severity":"INFO","EventID":4648,"SourceName":"Microsoft-Windows-Security-Auditing","ProviderGuid":"{54849625-5478-4994-A5BA-3E3B0328C30D}","Version":0,"Task":12544,"OpcodeValue":0,"RecordNumber":35984,"ActivityID":"{CA42BD29-84AF-0002-F9BD-42CAAF84DB01}","ProcessID":600,"ThreadID":9376,"Channel":"Security","Message":"A logon was attempted using explicit credentials.\r\n\r\nSubject:\r\n\tSecurity ID:\t\tS-1-5-18\r\n\tAccount Name:\t\tDESKTOP-RKJA15K$\r\n\tAccount Domain:\t\tWORKGROUP\r\n\tLogon ID:\t\t0x3E7\r\n\tLogon GUID:\t\t{00000000-0000-0000-0000-000000000000}\r\n\r\nAccount Whose Credentials Were Used:\r\n\tAccount Name:\t\tUMFD-2\r\n\tAccount Domain:\t\tFont Driver Host\r\n\tLogon GUID:\t\t{00000000-0000-0000-0000-000000000000}\r\n\r\nTarget Server:\r\n\tTarget Server Name:\tlocalhost\r\n\tAdditional Information:\tlocalhost\r\n\r\nProcess Information:\r\n\tProcess ID:\t\t0xda0\r\n\tProcess Name:\t\tC:\\Windows\\System32\\winlogon.exe\r\n\r\nNetwork Information:\r\n\tNetwork Address:\t-\r\n\tPort:\t\t\t-\r\n\r\nThis event is generated when a process attempts to log on an account by explicitly specifying that accounts credentials.  This most commonly occurs in batch-type configurations such as scheduled tasks, or when using the RUNAS command.","Category":"Logon","Opcode":"Info","SubjectUserSid":"S-1-5-18","SubjectUserName":"DESKTOP-RKJA15K$","SubjectDomainName":"WORKGROUP","SubjectLogonId":"0x3e7","LogonGuid":"{00000000-0000-0000-0000-000000000000}","TargetUserName":"UMFD-2","TargetDomainName":"Font Driver Host","TargetLogonGuid":"{00000000-0000-0000-0000-000000000000}","TargetServerName":"localhost","TargetInfo":"localhost","ProcessName":"C:\\Windows\\System32\\winlogon.exe","IpAddress":"-","IpPort":"-","EventReceivedTime":"2025-02-22 09:35:53","SourceModuleName":"in","SourceModuleType":"im_msvistalog"}#015
2025-02-22T17:35:53.875128+00:00 10.10.10.50  {"EventTime":"2025-02-22 09:35:52","Hostname":"DESKTOP-RKJA15K","Keywords":-9214364837600034816,"EventType":"AUDIT_SUCCESS","SeverityValue":2,"Severity":"INFO","EventID":4624,"SourceName":"Microsoft-Windows-Security-Auditing","ProviderGuid":"{54849625-5478-4994-A5BA-3E3B0328C30D}","Version":3,"Task":12544,"OpcodeValue":0,"RecordNumber":35985,"ActivityID":"{CA42BD29-84AF-0002-F9BD-42CAAF84DB01}","ProcessID":600,"ThreadID":9376,"Channel":"Security","Message":"An account was successfully logged on.\r\n\r\nSubject:\r\n\tSecurity ID:\t\tS-1-5-18\r\n\tAccount Name:\t\tDESKTOP-RKJA15K$\r\n\tAccount Domain:\t\tWORKGROUP\r\n\tLogon ID:\t\t0x3E7\r\n\r\nLogon Information:\r\n\tLogon Type:\t\t2\r\n\tRestricted Admin Mode:\t-\r\n\tRemote Credential Guard:\t-\r\n\tVirtual Account:\t\tYes\r\n\tElevated Token:\t\tNo\r\n\r\nImpersonation Level:\t\tImpersonation\r\n\r\nNew Logon:\r\n\tSecurity ID:\t\tS-1-5-96-0-2\r\n\tAccount Name:\t\tUMFD-2\r\n\tAccount Domain:\t\tFont Driver Host\r\n\tLogon ID:\t\t0x822F90\r\n\tLinked Logon ID:\t\t0x0\r\n\tNetwork Account Name:\t-\r\n\tNetwork Account Domain:\t-\r\n\tLogon GUID:\t\t{00000000-0000-0000-0000-000000000000}\r\n\r\nProcess Information:\r\n\tProcess ID:\t\t0xda0\r\n\tProcess Name:\t\tC:\\Windows\\System32\\winlogon.exe\r\n\r\nNetwork Information:\r\n\tWorkstation Name:\t-\r\n\tSource Network Address:\t-\r\n\tSource Port:\t\t-\r\n\r\nDetailed Authentication Information:\r\n\tLogon Process:\t\tAdvapi  \r\n\tAuthentication Package:\tNegotiate\r\n\tTransited Services:\t-\r\n\tPackage Name (NTLM only):\t-\r\n\tKey Length:\t\t0\r\n\r\nThis event is generated when a logon session is created. It is generated on the computer that was accessed.\r\n\r\nThe subject fields indicate the account on the local system which requested the logon. This is most commonly a service such as the Server service, or a local process such as Winlogon.exe or Services.exe.\r\n\r\nThe logon type field indicates the kind of logon that occurred. The most common types are 2 (interactive) and 3 (network).\r\n\r\nThe New Logon fields indicate the account for whom the new logon was created, i.e. the account that was logged on.\r\n\r\nThe network fields indicate where a remote logon request originated. Workstation name is not always available and may be left blank in some cases.\r\n\r\nThe impersonation level field indicates the extent to which a process in the logon session can impersonate.\r\n\r\nThe authentication information fields provide detailed information about this specific logon request.\r\n\t- Logon GUID is a unique identifier that can be used to correlate this event with a KDC event.\r\n\t- Transited services indicate which intermediate services have participated in this logon request.\r\n\t- Package name indicates which sub-protocol was used among the NTLM protocols.\r\n\t- Key length indicates the length of the generated session key. This will be 0 if no session key was requested.","Category":"Logon","Opcode":"Info","SubjectUserSid":"S-1-5-18","SubjectUserName":"DESKTOP-RKJA15K$","SubjectDomainName":"WORKGROUP","SubjectLogonId":"0x3e7","TargetUserSid":"S-1-5-96-0-2","TargetUserName":"UMFD-2","TargetDomainName":"Font Driver Host","TargetLogonId":"0x822f90","LogonType":"2","LogonProcessName":"Advapi  ","AuthenticationPackageName":"Negotiate","WorkstationName":"-","LogonGuid":"{00000000-0000-0000-0000-000000000000}","TransmittedServices":"-","LmPackageName":"-","KeyLength":"0","ProcessName":"C:\\Windows\\System32\\winlogon.exe","IpAddress":"-","IpPort":"-","ImpersonationLevel":"%%1833","RestrictedAdminMode":"-","RemoteCredentialGuard":"-","TargetOutboundUserName":"-","TargetOutboundDomainName":"-","VirtualAccount":"%%1842","TargetLinkedLogonId":"0x0","ElevatedToken":"%%1843","EventReceivedTime":"2025-02-22 09:35:53","SourceModuleName":"in","SourceModuleType":"im_msvistalog"}#015
2025-02-22T17:35:53.875425+00:00 10.10.10.50  {"EventTime":"2025-02-22 09:35:52","Hostname":"DESKTOP-RKJA15K","Keywords":-9223369837831520256,"EventType":"INFO","SeverityValue":2,"Severity":"INFO","EventID":2052,"SourceName":"Microsoft-Windows-Windows Firewall With Advanced Security","ProviderGuid":"{D1BC9AFF-2ABF-4D71-9146-ECB2A986EB85}","Version":0,"Task":0,"OpcodeValue":0,"RecordNumber":698,"ProcessID":3528,"ThreadID":10376,"Channel":"Microsoft-Windows-Windows Firewall With Advanced Security/Firewall","Domain":"NT AUTHORITY","AccountName":"LOCAL SERVICE","UserID":"S-1-5-19","AccountType":"Well Known Group","Message":"A rule has been deleted in the Windows Defender Firewall exception list.\r\n\r\nDeleted Rule:\r\n\tRule ID:\tmicrosoft.windows.fontdrvhost-Out-Block\r\n\tRule Name:\tUsermode Font Driver Host\r\n\tModifying User:\tS-1-5-80-3088073201-1464728630-1879813800-1107566885-823218052\r\n\tModifying Application:\tC:\\WINDOWS\\System32\\svchost.exe\r\n\tError Code:\t0","Opcode":"Info","RuleId":"microsoft.windows.fontdrvhost-Out-Block","RuleName":"Usermode Font Driver Host","ModifyingUser":"S-1-5-80-3088073201-1464728630-1879813800-1107566885-823218052","ModifyingApplication":"C:\\WINDOWS\\System32\\svchost.exe","ErrorCode":"0","EventReceivedTime":"2025-02-22 09:35:53","SourceModuleName":"in","SourceModuleType":"im_msvistalog"}#015
2025-02-22T17:35:53.877213+00:00 10.10.10.50  {"EventTime":"2025-02-22 09:35:52","Hostname":"DESKTOP-RKJA15K","Keywords":-9223369837831520256,"EventType":"INFO","SeverityValue":2,"Severity":"INFO","EventID":2052,"SourceName":"Microsoft-Windows-Windows Firewall With Advanced Security","ProviderGuid":"{D1BC9AFF-2ABF-4D71-9146-ECB2A986EB85}","Version":0,"Task":0,"OpcodeValue":0,"RecordNumber":699,"ProcessID":3528,"ThreadID":10376,"Channel":"Microsoft-Windows-Windows Firewall With Advanced Security/Firewall","Domain":"NT AUTHORITY","AccountName":"LOCAL SERVICE","UserID":"S-1-5-19","AccountType":"Well Known Group","Message":"A rule has been deleted in the Windows Defender Firewall exception list.\r\n\r\nDeleted Rule:\r\n\tRule ID:\tmicrosoft.windows.fontdrvhost-In-Block\r\n\tRule Name:\tUsermode Font Driver Host\r\n\tModifying User:\tS-1-5-80-3088073201-1464728630-1879813800-1107566885-823218052\r\n\tModifying Application:\tC:\\WINDOWS\\System32\\svchost.exe\r\n\tError Code:\t0","Opcode":"Info","RuleId":"microsoft.windows.fontdrvhost-In-Block","RuleName":"Usermode Font Driver Host","ModifyingUser":"S-1-5-80-3088073201-1464728630-1879813800-1107566885-823218052","ModifyingApplication":"C:\\WINDOWS\\System32\\svchost.exe","ErrorCode":"0","EventReceivedTime":"2025-02-22 09:35:53","SourceModuleName":"in","SourceModuleType":"im_msvistalog"}#015
2025-02-22T17:35:53.877334+00:00 10.10.10.50  {"EventTime":"2025-02-22 09:35:52","Hostname":"DESKTOP-RKJA15K","Keywords":-9223369837831520256,"EventType":"INFO","SeverityValue":2,"Severity":"INFO","EventID":2097,"SourceName":"Microsoft-Windows-Windows Firewall With Advanced Security","ProviderGuid":"{D1BC9AFF-2ABF-4D71-9146-ECB2A986EB85}","Version":0,"Task":0,"OpcodeValue":0,"RecordNumber":700,"ProcessID":3528,"ThreadID":8504,"Channel":"Microsoft-Windows-Windows Firewall With Advanced Security/Firewall","Domain":"NT AUTHORITY","AccountName":"LOCAL SERVICE","UserID":"S-1-5-19","AccountType":"Well Known Group","Message":"A rule has been added to the Windows Defender Firewall exception list.\r\n\r\nAdded Rule:\r\n\tRule ID:\tmicrosoft.windows.fontdrvhost-In-Block\r\n\tRule Name:\tUsermode Font Driver Host\r\n\tOrigin:\tLocal\r\n\tActive:\tYes\r\n\tDirection:\tInbound\r\n\tProfiles:\tPrivate,Domain, Public\r\n\tAction:\tBlock\r\n\tApplication Path:\t\r\n\tService Name:\t\r\n\tProtocol:\tAny\r\n\tSecurity Options:\tNone\r\n\tEdge Traversal:\tNone\r\n\tModifying User:\tS-1-5-80-3088073201-1464728630-1879813800-1107566885-823218052\r\n\tModifying Application:\tC:\\WINDOWS\\System32\\svchost.exe\r\n\tPolicyAppId:\t\r\n\tError Code:\t0","Opcode":"Info","RuleId":"microsoft.windows.fontdrvhost-In-Block","RuleName":"Usermode Font Driver Host","Origin":"1","Direction":"1","Protocol":"256","Action":"2","Profiles":"2147483647","LocalAddresses":"*","RemoteAddresses":"*","EmbeddedContext":"Usermode Font Driver Host","Flags":"1","Active":"1","EdgeTraversal":"0","LooseSourceMapped":"0","SecurityOptions":"0","ModifyingUser":"S-1-5-80-3088073201-1464728630-1879813800-1107566885-823218052","ModifyingApplication":"C:\\WINDOWS\\System32\\svchost.exe","SchemaVersion":"545","RuleStatus":"65536","LocalOnlyMapped":"0","ErrorCode":"0","EventReceivedTime":"2025-02-22 09:35:53","SourceModuleName":"in","SourceModuleType":"im_msvistalog"}#015
2025-02-22T17:35:53.877837+00:00 10.10.10.50  {"EventTime":"2025-02-22 09:35:52","Hostname":"DESKTOP-RKJA15K","Keywords":-9223369837831520256,"EventType":"INFO","SeverityValue":2,"Severity":"INFO","EventID":2097,"SourceName":"Microsoft-Windows-Windows Firewall With Advanced Security","ProviderGuid":"{D1BC9AFF-2ABF-4D71-9146-ECB2A986EB85}","Version":0,"Task":0,"OpcodeValue":0,"RecordNumber":701,"ProcessID":3528,"ThreadID":8504,"Channel":"Microsoft-Windows-Windows Firewall With Advanced Security/Firewall","Domain":"NT AUTHORITY","AccountName":"LOCAL SERVICE","UserID":"S-1-5-19","AccountType":"Well Known Group","Message":"A rule has been added to the Windows Defender Firewall exception list.\r\n\r\nAdded Rule:\r\n\tRule ID:\tmicrosoft.windows.fontdrvhost-Out-Block\r\n\tRule Name:\tUsermode Font Driver Host\r\n\tOrigin:\tLocal\r\n\tActive:\tYes\r\n\tDirection:\tOutbound\r\n\tProfiles:\tPrivate,Domain, Public\r\n\tAction:\tBlock\r\n\tApplication Path:\t\r\n\tService Name:\t\r\n\tProtocol:\tAny\r\n\tSecurity Options:\tNone\r\n\tEdge Traversal:\tNone\r\n\tModifying User:\tS-1-5-80-3088073201-1464728630-1879813800-1107566885-823218052\r\n\tModifying Application:\tC:\\WINDOWS\\System32\\svchost.exe\r\n\tPolicyAppId:\t\r\n\tError Code:\t0","Opcode":"Info","RuleId":"microsoft.windows.fontdrvhost-Out-Block","RuleName":"Usermode Font Driver Host","Origin":"1","Direction":"2","Protocol":"256","Action":"2","Profiles":"2147483647","LocalAddresses":"*","RemoteAddresses":"*","EmbeddedContext":"Usermode Font Driver Host","Flags":"1","Active":"1","EdgeTraversal":"0","LooseSourceMapped":"0","SecurityOptions":"0","ModifyingUser":"S-1-5-80-3088073201-1464728630-1879813800-1107566885-823218052","ModifyingApplication":"C:\\WINDOWS\\System32\\svchost.exe","SchemaVersion":"545","RuleStatus":"65536","LocalOnlyMapped":"0","ErrorCode":"0","EventReceivedTime":"2025-02-22 09:35:53","SourceModuleName":"in","SourceModuleType":"im_msvistalog"}#015
2025-02-22T17:35:53.878623+00:00 10.10.10.50  {"EventTime":"2025-02-22 09:35:52","Hostname":"DESKTOP-RKJA15K","Keywords":-9223372036749918208,"EventType":"VERBOSE","SeverityValue":1,"Severity":"DEBUG","EventID":1225,"SourceName":"Microsoft-Windows-PushNotifications-Platform","ProviderGuid":"{88CD9180-4491-4640-B571-E3BEE2527943}","Version":0,"Task":0,"OpcodeValue":0,"RecordNumber":37524,"ProcessID":4692,"ThreadID":3276,"Channel":"Microsoft-Windows-PushNotification-Platform/Operational","Domain":"NT AUTHORITY","AccountName":"SYSTEM","UserID":"S-1-5-18","AccountType":"User","Message":"WNP Transport Layer received command: UBD, Trid: 7, Namespace: CON, CV: ElOaY6RrdEqE0rhN.7.0 containing 82 bytes of payload: 0x436F6E746578743A20343532323037343336393365633732610D0A4D532D43563A20456C4F6159365272644571453072684E2E372E300D0A0D0A76494D655977685A6F554B4C533650695753416A58772E30. IsLongRunning: Data Connection.","Opcode":"Info","Verb":"UBD","TrID":"7","Namespace":"CON","CorrelationVector":"ElOaY6RrdEqE0rhN.7.0","Bytes":"82","Payload":"436F6E746578743A20343532323037343336393365633732610D0A4D532D43563A20456C4F6159365272644571453072684E2E372E300D0A0D0A76494D655977685A6F554B4C533650695753416A58772E30","ConnectionType":"1","EventReceivedTime":"2025-02-22 09:35:53","SourceModuleName":"in","SourceModuleType":"im_msvistalog"}#015
2025-02-22T17:35:53.878623+00:00 10.10.10.50  {"EventTime":"2025-02-22 09:35:52","Hostname":"DESKTOP-RKJA15K","Keywords":-9223372036749918208,"EventType":"VERBOSE","SeverityValue":1,"Severity":"DEBUG","EventID":1268,"SourceName":"Microsoft-Windows-PushNotifications-Platform","ProviderGuid":"{88CD9180-4491-4640-B571-E3BEE2527943}","Version":0,"Task":0,"OpcodeValue":0,"RecordNumber":37525,"ProcessID":4692,"ThreadID":3276,"Channel":"Microsoft-Windows-PushNotification-Platform/Operational","Domain":"NT AUTHORITY","AccountName":"SYSTEM","UserID":"S-1-5-18","AccountType":"User","Message":"WNP Transport Layer received command: UBD, Trid: 7, Namespace: CON, CV: ElOaY6RrdEqE0rhN.7.0 containing 82 bytes of payload only. However, full payload including header is: 0x554244203720434F4E0038320D0A436F6E746578743A20343532323037343336393365633732610D0A4D532D43563A20456C4F6159365272644571453072684E2E372E300D0A0D0A76494D655977685A6F55. IsLongRunning: Data Connection.","Opcode":"Info","Verb":"UBD","TrID":"7","Namespace":"CON","CorrelationVector":"ElOaY6RrdEqE0rhN.7.0","Bytes":"82","Payload":"554244203720434F4E0038320D0A436F6E746578743A20343532323037343336393365633732610D0A4D532D43563A20456C4F6159365272644571453072684E2E372E300D0A0D0A76494D655977685A6F55","ConnectionType":"1","EventReceivedTime":"2025-02-22 09:35:53","SourceModuleName":"in","SourceModuleType":"im_msvistalog"}#015
2025-02-22T17:35:53.879135+00:00 10.10.10.50  {"EventTime":"2025-02-22 09:35:52","Hostname":"DESKTOP-RKJA15K","Keywords":-9223372036850581504,"EventType":"INFO","SeverityValue":2,"Severity":"INFO","EventID":1265,"SourceName":"Microsoft-Windows-PushNotifications-Platform","ProviderGuid":"{88CD9180-4491-4640-B571-E3BEE2527943}","Version":0,"Task":0,"OpcodeValue":0,"RecordNumber":37526,"ProcessID":4692,"ThreadID":3276,"Channel":"Microsoft-Windows-PushNotification-Platform/Operational","Domain":"NT AUTHORITY","AccountName":"SYSTEM","UserID":"S-1-5-18","AccountType":"User","Message":"Removing existing user from the Windows Push Notification Service completed. 001800123F753DA8 [DeviceId] 17056889 [UserId] 0x0 [ErrorCode].","Opcode":"Info","DeviceId":"001800123F753DA8","Error":"0","EventReceivedTime":"2025-02-22 09:35:53","SourceModuleName":"in","SourceModuleType":"im_msvistalog"}#015
2025-02-22T17:35:53.879135+00:00 10.10.10.50  {"EventTime":"2025-02-22 09:35:52","Hostname":"DESKTOP-RKJA15K","Keywords":-9214364837600034816,"EventType":"AUDIT_SUCCESS","SeverityValue":2,"Severity":"INFO","EventID":4648,"SourceName":"Microsoft-Windows-Security-Auditing","ProviderGuid":"{54849625-5478-4994-A5BA-3E3B0328C30D}","Version":0,"Task":12544,"OpcodeValue":0,"RecordNumber":35986,"ActivityID":"{CA42BD29-84AF-0002-F9BD-42CAAF84DB01}","ProcessID":600,"ThreadID":1096,"Channel":"Security","Message":"A logon was attempted using explicit credentials.\r\n\r\nSubject:\r\n\tSecurity ID:\t\tS-1-5-18\r\n\tAccount Name:\t\tDESKTOP-RKJA15K$\r\n\tAccount Domain:\t\tWORKGROUP\r\n\tLogon ID:\t\t0x3E7\r\n\tLogon GUID:\t\t{00000000-0000-0000-0000-000000000000}\r\n\r\nAccount Whose Credentials Were Used:\r\n\tAccount Name:\t\tDWM-2\r\n\tAccount Domain:\t\tWindow Manager\r\n\tLogon GUID:\t\t{00000000-0000-0000-0000-000000000000}\r\n\r\nTarget Server:\r\n\tTarget Server Name:\tlocalhost\r\n\tAdditional Information:\tlocalhost\r\n\r\nProcess Information:\r\n\tProcess ID:\t\t0xda0\r\n\tProcess Name:\t\tC:\\Windows\\System32\\winlogon.exe\r\n\r\nNetwork Information:\r\n\tNetwork Address:\t-\r\n\tPort:\t\t\t-\r\n\r\nThis event is generated when a process attempts to log on an account by explicitly specifying that accounts credentials.  This most commonly occurs in batch-type configurations such as scheduled tasks, or when using the RUNAS command.","Category":"Logon","Opcode":"Info","SubjectUserSid":"S-1-5-18","SubjectUserName":"DESKTOP-RKJA15K$","SubjectDomainName":"WORKGROUP","SubjectLogonId":"0x3e7","LogonGuid":"{00000000-0000-0000-0000-000000000000}","TargetUserName":"DWM-2","TargetDomainName":"Window Manager","TargetLogonGuid":"{00000000-0000-0000-0000-000000000000}","TargetServerName":"localhost","TargetInfo":"localhost","ProcessName":"C:\\Windows\\System32\\winlogon.exe","IpAddress":"-","IpPort":"-","EventReceivedTime":"2025-02-22 09:35:53","SourceModuleName":"in","SourceModuleType":"im_msvistalog"}#015
2025-02-22T17:35:53.879688+00:00 10.10.10.50  {"EventTime":"2025-02-22 09:35:52","Hostname":"DESKTOP-RKJA15K","Keywords":-9214364837600034816,"EventType":"AUDIT_SUCCESS","SeverityValue":2,"Severity":"INFO","EventID":4624,"SourceName":"Microsoft-Windows-Security-Auditing","ProviderGuid":"{54849625-5478-4994-A5BA-3E3B0328C30D}","Version":3,"Task":12544,"OpcodeValue":0,"RecordNumber":35987,"ActivityID":"{CA42BD29-84AF-0002-F9BD-42CAAF84DB01}","ProcessID":600,"ThreadID":1096,"Channel":"Security","Message":"An account was successfully logged on.\r\n\r\nSubject:\r\n\tSecurity ID:\t\tS-1-5-18\r\n\tAccount Name:\t\tDESKTOP-RKJA15K$\r\n\tAccount Domain:\t\tWORKGROUP\r\n\tLogon ID:\t\t0x3E7\r\n\r\nLogon Information:\r\n\tLogon Type:\t\t2\r\n\tRestricted Admin Mode:\t-\r\n\tRemote Credential Guard:\t-\r\n\tVirtual Account:\t\tYes\r\n\tElevated Token:\t\tYes\r\n\r\nImpersonation Level:\t\tImpersonation\r\n\r\nNew Logon:\r\n\tSecurity ID:\t\tS-1-5-90-0-2\r\n\tAccount Name:\t\tDWM-2\r\n\tAccount Domain:\t\tWindow Manager\r\n\tLogon ID:\t\t0x8241E4\r\n\tLinked Logon ID:\t\t0x82425C\r\n\tNetwork Account Name:\t-\r\n\tNetwork Account Domain:\t-\r\n\tLogon GUID:\t\t{00000000-0000-0000-0000-000000000000}\r\n\r\nProcess Information:\r\n\tProcess ID:\t\t0xda0\r\n\tProcess Name:\t\tC:\\Windows\\System32\\winlogon.exe\r\n\r\nNetwork Information:\r\n\tWorkstation Name:\t-\r\n\tSource Network Address:\t-\r\n\tSource Port:\t\t-\r\n\r\nDetailed Authentication Information:\r\n\tLogon Process:\t\tAdvapi  \r\n\tAuthentication Package:\tNegotiate\r\n\tTransited Services:\t-\r\n\tPackage Name (NTLM only):\t-\r\n\tKey Length:\t\t0\r\n\r\nThis event is generated when a logon session is created. It is generated on the computer that was accessed.\r\n\r\nThe subject fields indicate the account on the local system which requested the logon. This is most commonly a service such as the Server service, or a local process such as Winlogon.exe or Services.exe.\r\n\r\nThe logon type field indicates the kind of logon that occurred. The most common types are 2 (interactive) and 3 (network).\r\n\r\nThe New Logon fields indicate the account for whom the new logon was created, i.e. the account that was logged on.\r\n\r\nThe network fields indicate where a remote logon request originated. Workstation name is not always available and may be left blank in some cases.\r\n\r\nThe impersonation level field indicates the extent to which a process in the logon session can impersonate.\r\n\r\nThe authentication information fields provide detailed information about this specific logon request.\r\n\t- Logon GUID is a unique identifier that can be used to correlate this event with a KDC event.\r\n\t- Transited services indicate which intermediate services have participated in this logon request.\r\n\t- Package name indicates which sub-protocol was used among the NTLM protocols.\r\n\t- Key length indicates the length of the generated session key. This will be 0 if no session key was requested.","Category":"Logon","Opcode":"Info","SubjectUserSid":"S-1-5-18","SubjectUserName":"DESKTOP-RKJA15K$","SubjectDomainName":"WORKGROUP","SubjectLogonId":"0x3e7","TargetUserSid":"S-1-5-90-0-2","TargetUserName":"DWM-2","TargetDomainName":"Window Manager","TargetLogonId":"0x8241e4","LogonType":"2","LogonProcessName":"Advapi  ","AuthenticationPackageName":"Negotiate","WorkstationName":"-","LogonGuid":"{00000000-0000-0000-0000-000000000000}","TransmittedServices":"-","LmPackageName":"-","KeyLength":"0","ProcessName":"C:\\Windows\\System32\\winlogon.exe","IpAddress":"-","IpPort":"-","ImpersonationLevel":"%%1833","RestrictedAdminMode":"-","RemoteCredentialGuard":"-","TargetOutboundUserName":"-","TargetOutboundDomainName":"-","VirtualAccount":"%%1842","TargetLinkedLogonId":"0x82425c","ElevatedToken":"%%1842","EventReceivedTime":"2025-02-22 09:35:53","SourceModuleName":"in","SourceModuleType":"im_msvistalog"}#015
2025-02-22T17:35:53.880649+00:00 10.10.10.50  {"EventTime":"2025-02-22 09:35:52","Hostname":"DESKTOP-RKJA15K","Keywords":-9214364837600034816,"EventType":"AUDIT_SUCCESS","SeverityValue":2,"Severity":"INFO","EventID":4624,"SourceName":"Microsoft-Windows-Security-Auditing","ProviderGuid":"{54849625-5478-4994-A5BA-3E3B0328C30D}","Version":3,"Task":12544,"OpcodeValue":0,"RecordNumber":35988,"ActivityID":"{CA42BD29-84AF-0002-F9BD-42CAAF84DB01}","ProcessID":600,"ThreadID":1096,"Channel":"Security","Message":"An account was successfully logged on.\r\n\r\nSubject:\r\n\tSecurity ID:\t\tS-1-5-18\r\n\tAccount Name:\t\tDESKTOP-RKJA15K$\r\n\tAccount Domain:\t\tWORKGROUP\r\n\tLogon ID:\t\t0x3E7\r\n\r\nLogon Information:\r\n\tLogon Type:\t\t2\r\n\tRestricted Admin Mode:\t-\r\n\tRemote Credential Guard:\t-\r\n\tVirtual Account:\t\tYes\r\n\tElevated Token:\t\tNo\r\n\r\nImpersonation Level:\t\tImpersonation\r\n\r\nNew Logon:\r\n\tSecurity ID:\t\tS-1-5-90-0-2\r\n\tAccount Name:\t\tDWM-2\r\n\tAccount Domain:\t\tWindow Manager\r\n\tLogon ID:\t\t0x82425C\r\n\tLinked Logon ID:\t\t0x8241E4\r\n\tNetwork Account Name:\t-\r\n\tNetwork Account Domain:\t-\r\n\tLogon GUID:\t\t{00000000-0000-0000-0000-000000000000}\r\n\r\nProcess Information:\r\n\tProcess ID:\t\t0xda0\r\n\tProcess Name:\t\tC:\\Windows\\System32\\winlogon.exe\r\n\r\nNetwork Information:\r\n\tWorkstation Name:\t-\r\n\tSource Network Address:\t-\r\n\tSource Port:\t\t-\r\n\r\nDetailed Authentication Information:\r\n\tLogon Process:\t\tAdvapi  \r\n\tAuthentication Package:\tNegotiate\r\n\tTransited Services:\t-\r\n\tPackage Name (NTLM only):\t-\r\n\tKey Length:\t\t0\r\n\r\nThis event is generated when a logon session is created. It is generated on the computer that was accessed.\r\n\r\nThe subject fields indicate the account on the local system which requested the logon. This is most commonly a service such as the Server service, or a local process such as Winlogon.exe or Services.exe.\r\n\r\nThe logon type field indicates the kind of logon that occurred. The most common types are 2 (interactive) and 3 (network).\r\n\r\nThe New Logon fields indicate the account for whom the new logon was created, i.e. the account that was logged on.\r\n\r\nThe network fields indicate where a remote logon request originated. Workstation name is not always available and may be left blank in some cases.\r\n\r\nThe impersonation level field indicates the extent to which a process in the logon session can impersonate.\r\n\r\nThe authentication information fields provide detailed information about this specific logon request.\r\n\t- Logon GUID is a unique identifier that can be used to correlate this event with a KDC event.\r\n\t- Transited services indicate which intermediate services have participated in this logon request.\r\n\t- Package name indicates which sub-protocol was used among the NTLM protocols.\r\n\t- Key length indicates the length of the generated session key. This will be 0 if no session key was requested.","Category":"Logon","Opcode":"Info","SubjectUserSid":"S-1-5-18","SubjectUserName":"DESKTOP-RKJA15K$","SubjectDomainName":"WORKGROUP","SubjectLogonId":"0x3e7","TargetUserSid":"S-1-5-90-0-2","TargetUserName":"DWM-2","TargetDomainName":"Window Manager","TargetLogonId":"0x82425c","LogonType":"2","LogonProcessName":"Advapi  ","AuthenticationPackageName":"Negotiate","WorkstationName":"-","LogonGuid":"{00000000-0000-0000-0000-000000000000}","TransmittedServices":"-","LmPackageName":"-","KeyLength":"0","ProcessName":"C:\\Windows\\System32\\winlogon.exe","IpAddress":"-","IpPort":"-","ImpersonationLevel":"%%1833","RestrictedAdminMode":"-","RemoteCredentialGuard":"-","TargetOutboundUserName":"-","TargetOutboundDomainName":"-","VirtualAccount":"%%1842","TargetLinkedLogonId":"0x8241e4","ElevatedToken":"%%1843","EventReceivedTime":"2025-02-22 09:35:53","SourceModuleName":"in","SourceModuleType":"im_msvistalog"}#015
2025-02-22T17:35:53.881229+00:00 10.10.10.50  {"EventTime":"2025-02-22 09:35:52","Hostname":"DESKTOP-RKJA15K","Keywords":-9214364837600034816,"EventType":"AUDIT_SUCCESS","SeverityValue":2,"Severity":"INFO","EventID":4672,"SourceName":"Microsoft-Windows-Security-Auditing","ProviderGuid":"{54849625-5478-4994-A5BA-3E3B0328C30D}","Version":0,"Task":12548,"OpcodeValue":0,"RecordNumber":35989,"ActivityID":"{CA42BD29-84AF-0002-F9BD-42CAAF84DB01}","ProcessID":600,"ThreadID":1096,"Channel":"Security","Message":"Special privileges assigned to new logon.\r\n\r\nSubject:\r\n\tSecurity ID:\t\tS-1-5-90-0-2\r\n\tAccount Name:\t\tDWM-2\r\n\tAccount Domain:\t\tWindow Manager\r\n\tLogon ID:\t\t0x8241E4\r\n\r\nPrivileges:\t\tSeAssignPrimaryTokenPrivilege\r\n\t\t\tSeAuditPrivilege\r\n\t\t\tSeImpersonatePrivilege","Category":"Logon","Opcode":"Info","SubjectUserSid":"S-1-5-90-0-2","SubjectUserName":"DWM-2","SubjectDomainName":"Window Manager","SubjectLogonId":"0x8241e4","PrivilegeList":"SeAssignPrimaryTokenPrivilege\r\n\t\t\tSeAuditPrivilege\r\n\t\t\tSeImpersonatePrivilege","EventReceivedTime":"2025-02-22 09:35:53","SourceModuleName":"in","SourceModuleType":"im_msvistalog"}#015
2025-02-22T17:35:53.881229+00:00 10.10.10.50  {"EventTime":"2025-02-22 09:35:52","Hostname":"DESKTOP-RKJA15K","Keywords":-9214364837600034816,"EventType":"AUDIT_SUCCESS","SeverityValue":2,"Severity":"INFO","EventID":4672,"SourceName":"Microsoft-Windows-Security-Auditing","ProviderGuid":"{54849625-5478-4994-A5BA-3E3B0328C30D}","Version":0,"Task":12548,"OpcodeValue":0,"RecordNumber":35990,"ActivityID":"{CA42BD29-84AF-0002-F9BD-42CAAF84DB01}","ProcessID":600,"ThreadID":1096,"Channel":"Security","Message":"Special privileges assigned to new logon.\r\n\r\nSubject:\r\n\tSecurity ID:\t\tS-1-5-90-0-2\r\n\tAccount Name:\t\tDWM-2\r\n\tAccount Domain:\t\tWindow Manager\r\n\tLogon ID:\t\t0x82425C\r\n\r\nPrivileges:\t\tSeAssignPrimaryTokenPrivilege\r\n\t\t\tSeAuditPrivilege","Category":"Logon","Opcode":"Info","SubjectUserSid":"S-1-5-90-0-2","SubjectUserName":"DWM-2","SubjectDomainName":"Window Manager","SubjectLogonId":"0x82425c","PrivilegeList":"SeAssignPrimaryTokenPrivilege\r\n\t\t\tSeAuditPrivilege","EventReceivedTime":"2025-02-22 09:35:53","SourceModuleName":"in","SourceModuleType":"im_msvistalog"}#015
2025-02-22T17:35:53.882759+00:00 10.10.10.50  {"EventTime":"2025-02-22 09:35:52","Hostname":"DESKTOP-RKJA15K","Keywords":4611686018427453440,"EventType":"INFO","SeverityValue":2,"Severity":"INFO","EventID":811,"SourceName":"Microsoft-Windows-Winlogon","ProviderGuid":"{DBE9B383-7CF3-4331-91CC-A3CB16A3B538}","Version":0,"Task":811,"OpcodeValue":1,"RecordNumber":731,"ProcessID":3488,"ThreadID":8528,"Channel":"Microsoft-Windows-Winlogon/Operational","Domain":"NT AUTHORITY","AccountName":"SYSTEM","UserID":"S-1-5-18","AccountType":"User","Message":"The winlogon notification subscriber <GPClient> began handling the notification event (0).","Opcode":"Start","Event":"0","SubscriberName":"GPClient","EventReceivedTime":"2025-02-22 09:35:53","SourceModuleName":"in","SourceModuleType":"im_msvistalog"}#015
2025-02-22T17:35:53.884141+00:00 10.10.10.50  {"EventTime":"2025-02-22 09:35:52","Hostname":"DESKTOP-RKJA15K","Keywords":4611686018427453440,"EventType":"INFO","SeverityValue":2,"Severity":"INFO","EventID":812,"SourceName":"Microsoft-Windows-Winlogon","ProviderGuid":"{DBE9B383-7CF3-4331-91CC-A3CB16A3B538}","Version":0,"Task":811,"OpcodeValue":2,"RecordNumber":732,"ProcessID":3488,"ThreadID":8528,"Channel":"Microsoft-Windows-Winlogon/Operational","Domain":"NT AUTHORITY","AccountName":"SYSTEM","UserID":"S-1-5-18","AccountType":"User","Message":"The winlogon notification subscriber <GPClient> finished handling the notification event (0).","Opcode":"Start","Event":"0","SubscriberName":"GPClient","EventReceivedTime":"2025-02-22 09:35:53","SourceModuleName":"in","SourceModuleType":"im_msvistalog"}#015
2025-02-22T17:35:53.884141+00:00 10.10.10.50  {"EventTime":"2025-02-22 09:35:52","Hostname":"DESKTOP-RKJA15K","Keywords":4611686018427453440,"EventType":"INFO","SeverityValue":2,"Severity":"INFO","EventID":811,"SourceName":"Microsoft-Windows-Winlogon","ProviderGuid":"{DBE9B383-7CF3-4331-91CC-A3CB16A3B538}","Version":0,"Task":811,"OpcodeValue":1,"RecordNumber":733,"ProcessID":3488,"ThreadID":8528,"Channel":"Microsoft-Windows-Winlogon/Operational","Domain":"NT AUTHORITY","AccountName":"SYSTEM","UserID":"S-1-5-18","AccountType":"User","Message":"The winlogon notification subscriber <TermSrv> began handling the notification event (0).","Opcode":"Start","Event":"0","SubscriberName":"TermSrv","EventReceivedTime":"2025-02-22 09:35:53","SourceModuleName":"in","SourceModuleType":"im_msvistalog"}#015
2025-02-22T17:35:53.884449+00:00 10.10.10.50  {"EventTime":"2025-02-22 09:35:52","Hostname":"DESKTOP-RKJA15K","Keywords":4611686018427453440,"EventType":"INFO","SeverityValue":2,"Severity":"INFO","EventID":812,"SourceName":"Microsoft-Windows-Winlogon","ProviderGuid":"{DBE9B383-7CF3-4331-91CC-A3CB16A3B538}","Version":0,"Task":811,"OpcodeValue":2,"RecordNumber":734,"ProcessID":3488,"ThreadID":8528,"Channel":"Microsoft-Windows-Winlogon/Operational","Domain":"NT AUTHORITY","AccountName":"SYSTEM","UserID":"S-1-5-18","AccountType":"User","Message":"The winlogon notification subscriber <TermSrv> finished handling the notification event (0).","Opcode":"Start","Event":"0","SubscriberName":"TermSrv","EventReceivedTime":"2025-02-22 09:35:53","SourceModuleName":"in","SourceModuleType":"im_msvistalog"}#015
2025-02-22T17:35:53.888850+00:00 10.10.10.50  {"EventTime":"2025-02-22 09:35:52","Hostname":"DESKTOP-RKJA15K","Keywords":4611686018427387904,"EventType":"INFO","SeverityValue":2,"Severity":"INFO","EventID":179,"SourceName":"Microsoft-Windows-Audio","ProviderGuid":"{AE4BD3BE-F36F-45B6-8D21-BDD6FB832853}","Version":0,"Task":179,"OpcodeValue":0,"RecordNumber":186,"ProcessID":3120,"ThreadID":5476,"Channel":"Microsoft-Windows-Audio/Operational","Domain":"NT AUTHORITY","AccountName":"LOCAL SERVICE","UserID":"S-1-5-19","AccountType":"Well Known Group","Message":"Received session display notification","Opcode":"Info","SessionId":"1","SessionDisplayOn":"false","ChangeInSessionDisplayStatus":"true","EventReceivedTime":"2025-02-22 09:35:53","SourceModuleName":"in","SourceModuleType":"im_msvistalog"}#015
